TN:
SF:src/cli.ts
FN:10,(anonymous_0)
FNF:1
FNH:0
FNDA:0,(anonymous_0)
DA:5,0
DA:6,0
DA:7,0
DA:8,0
DA:10,0
DA:11,0
DA:12,0
LF:7
LH:0
BRDA:6,0,0,0
BRDA:6,0,1,0
BRDA:7,1,0,0
BRDA:7,1,1,0
BRDA:8,2,0,0
BRDA:8,2,1,0
BRDA:11,3,0,0
BRDA:11,3,1,0
BRF:8
BRH:0
end_of_record
TN:
SF:src/comments.ts
FN:4,parseCommentsFromSource
FN:48,findMatchingBrace
FNF:2
FNH:2
FNDA:64,parseCommentsFromSource
FNDA:52,findMatchingBrace
DA:8,64
DA:9,64
DA:10,64
DA:12,64
DA:14,64
DA:15,52
DA:16,52
DA:17,52
DA:18,52
DA:19,46
DA:21,52
DA:22,52
DA:23,52
DA:24,52
DA:26,52
DA:27,52
DA:28,52
DA:29,0
DA:32,52
DA:34,52
DA:35,402
DA:38,52
DA:40,52
DA:41,0
DA:45,64
DA:49,52
DA:50,52
DA:51,45368
DA:52,45160
DA:53,208
DA:54,208
DA:57,0
LF:32
LH:29
BRDA:18,0,0,46
BRDA:18,0,1,6
BRDA:28,1,0,0
BRDA:28,1,1,52
BRDA:51,2,0,208
BRDA:51,2,1,45160
BRDA:52,3,0,208
BRDA:52,3,1,44952
BRDA:54,4,0,52
BRDA:54,4,1,156
BRF:10
BRH:9
end_of_record
TN:
SF:src/config.ts
FN:16,loadDalConfig
FNF:1
FNH:1
FNDA:3,loadDalConfig
DA:10,3
DA:17,3
DA:18,1
DA:19,1
LF:4
LH:4
BRDA:17,0,0,2
BRDA:17,0,1,1
BRDA:20,1,0,1
BRDA:20,1,1,0
BRDA:21,2,0,3
BRDA:21,2,1,0
BRDA:22,3,0,3
BRDA:22,3,1,0
BRF:8
BRH:5
end_of_record
TN:
SF:src/constraint-infer.ts
FN:10,sqlCheckText
FN:25,parseCheckForColumn
FN:41,inferLengthConstraint
FN:46,inferCheckConstraintsForTable
FN:65,formatValidationHint
FNF:5
FNH:5
FNDA:4,sqlCheckText
FNDA:32,parseCheckForColumn
FNDA:422,inferLengthConstraint
FNDA:52,inferCheckConstraintsForTable
FNDA:569,formatValidationHint
DA:11,4
DA:12,4
DA:13,4
DA:14,4
DA:15,12
DA:16,12
DA:17,8
DA:18,4
DA:19,4
DA:22,4
DA:29,32
DA:30,32
DA:31,4
DA:32,32
DA:33,4
DA:35,0
DA:36,0
DA:38,0
DA:42,422
DA:43,422
DA:50,52
DA:51,52
DA:53,4
DA:54,4
DA:55,4
DA:56,32
DA:57,32
DA:58,4
DA:59,32
DA:62,4
DA:66,569
DA:67,569
DA:68,67
DA:70,569
DA:71,10
DA:73,569
DA:74,0
DA:76,569
DA:77,77
LF:39
LH:35
BRDA:12,0,0,4
BRDA:12,0,1,0
BRDA:16,1,0,8
BRDA:16,1,1,4
BRDA:16,2,0,12
BRDA:16,2,1,8
BRDA:18,3,0,4
BRDA:18,3,1,0
BRDA:30,4,0,28
BRDA:30,4,1,4
BRDA:31,5,0,4
BRDA:31,5,1,0
BRDA:32,6,0,4
BRDA:32,6,1,28
BRDA:35,7,0,0
BRDA:35,7,1,0
BRDA:43,8,0,40
BRDA:43,8,1,382
BRDA:43,9,0,422
BRDA:43,9,1,40
BRDA:51,10,0,48
BRDA:51,10,1,4
BRDA:57,11,0,28
BRDA:57,11,1,4
BRDA:57,12,0,32
BRDA:57,12,1,28
BRDA:58,13,0,4
BRDA:58,13,1,4
BRDA:67,14,0,67
BRDA:67,14,1,502
BRDA:70,15,0,10
BRDA:70,15,1,559
BRDA:73,16,0,0
BRDA:73,16,1,569
BRDA:76,17,0,492
BRDA:76,17,1,77
BRF:36
BRH:30
end_of_record
TN:
SF:src/entity-lint.ts
FN:14,lintEntityModel
FN:46,(anonymous_1)
FN:47,(anonymous_2)
FN:58,(anonymous_3)
FN:59,(anonymous_4)
FN:81,loadSchemaModules
FN:101,runEntityLint
FN:126,formatLintViolations
FN:129,(anonymous_8)
FN:137,lintExitCode
FN:138,(anonymous_10)
FNF:11
FNH:8
FNDA:8,lintEntityModel
FNDA:52,(anonymous_1)
FNDA:55,(anonymous_2)
FNDA:0,(anonymous_3)
FNDA:65,(anonymous_4)
FNDA:1,loadSchemaModules
FNDA:1,runEntityLint
FNDA:0,formatLintViolations
FNDA:0,(anonymous_8)
FNDA:3,lintExitCode
FNDA:30,(anonymous_10)
DA:12,3
DA:15,8
DA:17,8
DA:18,65
DA:19,3
DA:20,3
DA:21,0
DA:31,65
DA:32,1
DA:33,4
DA:34,0
DA:46,52
DA:47,55
DA:48,8
DA:49,0
DA:57,8
DA:58,0
DA:59,65
DA:61,8
DA:63,8
DA:64,14
DA:67,14
DA:68,13
DA:69,14
DA:78,8
DA:82,1
DA:83,1
DA:84,10
DA:85,10
DA:87,1
DA:102,1
DA:103,1
DA:104,1
DA:105,1
DA:107,1
DA:108,1
DA:110,0
DA:115,0
DA:118,1
DA:119,1
DA:120,8
DA:123,1
DA:127,0
DA:128,0
DA:130,0
DA:131,0
DA:132,0
DA:138,30
LF:48
LH:37
BRDA:18,0,0,3
BRDA:18,0,1,62
BRDA:20,1,0,0
BRDA:20,1,1,3
BRDA:20,2,0,3
BRDA:20,2,1,1
BRDA:31,3,0,1
BRDA:31,3,1,64
BRDA:33,4,0,0
BRDA:33,4,1,4
BRDA:48,5,0,0
BRDA:48,5,1,8
BRDA:48,6,0,8
BRDA:48,6,1,3
BRDA:57,7,0,0
BRDA:57,7,1,8
BRDA:59,8,0,65
BRDA:59,8,1,57
BRDA:67,9,0,1
BRDA:67,9,1,13
BRDA:68,10,0,0
BRDA:68,10,1,13
BRDA:113,11,0,0
BRDA:113,11,1,0
BRDA:127,12,0,0
BRDA:127,12,1,0
BRDA:131,13,0,0
BRDA:131,13,1,0
BRDA:132,14,0,0
BRDA:132,14,1,0
BRDA:138,15,0,1
BRDA:138,15,1,2
BRF:32
BRH:19
end_of_record
TN:
SF:src/filter-index-lint.ts
FN:12,collectFilterIndexTargets
FN:16,(anonymous_1)
FN:52,lintFilterIndexCoverage
FNF:3
FNH:3
FNDA:11,collectFilterIndexTargets
FNDA:35,(anonymous_1)
FNDA:10,lintFilterIndexCoverage
DA:13,11
DA:14,11
DA:16,11
DA:17,35
DA:18,35
DA:19,35
DA:20,35
DA:23,11
DA:24,33
DA:25,23
DA:28,11
DA:29,13
DA:31,13
DA:32,7
DA:35,13
DA:36,5
DA:39,13
DA:40,0
DA:41,0
DA:43,0
DA:44,0
DA:49,11
DA:57,10
DA:58,10
DA:60,10
DA:61,31
DA:62,31
DA:64,16
DA:65,16
DA:74,10
LF:30
LH:26
BRDA:18,0,0,0
BRDA:18,0,1,35
BRDA:24,1,0,10
BRDA:24,1,1,23
BRDA:29,2,0,0
BRDA:29,2,1,13
BRDA:31,3,0,7
BRDA:31,3,1,6
BRDA:35,4,0,5
BRDA:35,4,1,8
BRDA:35,5,0,13
BRDA:35,5,1,5
BRDA:39,6,0,0
BRDA:39,6,1,13
BRDA:39,7,0,13
BRDA:39,7,1,0
BRDA:40,8,0,0
BRDA:40,8,1,0
BRDA:43,9,0,0
BRDA:43,9,1,0
BRDA:58,10,0,1
BRDA:58,10,1,9
BRDA:62,11,0,15
BRDA:62,11,1,16
BRDA:69,12,0,16
BRDA:69,12,1,0
BRF:26
BRH:17
end_of_record
TN:
SF:src/generate.ts
FN:17,writeFile
FN:21,runDalCodegen
FN:83,(anonymous_2)
FNF:3
FNH:3
FNDA:23,writeFile
FNDA:2,runDalCodegen
FNDA:9,(anonymous_2)
DA:15,1
DA:18,23
DA:22,2
DA:23,2
DA:24,2
DA:26,2
DA:27,2
DA:28,0
DA:31,2
DA:32,0
DA:37,0
DA:38,0
DA:44,2
DA:45,2
DA:48,2
DA:49,2
DA:50,2
DA:51,2
DA:53,2
DA:54,2
DA:55,2
DA:60,2
DA:61,9
DA:66,2
DA:67,2
DA:69,2
DA:78,2
DA:83,9
DA:95,2
LF:29
LH:25
BRDA:18,0,0,21
BRDA:18,0,1,2
BRDA:27,1,0,0
BRDA:27,1,1,2
BRDA:31,2,0,0
BRDA:31,2,1,2
BRDA:37,3,0,0
BRDA:37,3,1,0
BRDA:44,4,0,2
BRDA:44,4,1,0
BRF:10
BRH:5
end_of_record
TN:
SF:src/index-coverage.ts
FN:12,samePhysicalColumn
FN:16,columnMatchesIndex
FN:23,(anonymous_2)
FN:27,hasIndexCoverage
FNF:4
FNH:4
FNDA:67,samePhysicalColumn
FNDA:61,columnMatchesIndex
FNDA:28,(anonymous_2)
FNDA:49,hasIndexCoverage
DA:13,67
DA:21,61
DA:22,61
DA:23,28
DA:33,49
DA:34,49
DA:36,48
DA:37,48
DA:39,48
DA:40,48
DA:41,48
DA:42,48
DA:44,48
DA:45,59
DA:46,18
DA:50,30
DA:51,0
DA:52,0
DA:56,30
LF:19
LH:17
BRDA:21,0,0,0
BRDA:21,0,1,61
BRDA:22,1,0,39
BRDA:22,1,1,22
BRDA:31,2,0,49
BRDA:33,3,0,49
BRDA:33,4,0,49
BRDA:34,5,0,1
BRDA:34,5,1,48
BRDA:34,6,0,49
BRDA:34,6,1,49
BRDA:37,7,0,0
BRDA:37,7,1,48
BRDA:42,8,0,0
BRDA:42,8,1,48
BRDA:45,9,0,18
BRDA:45,9,1,41
BRDA:51,10,0,0
BRDA:51,10,1,0
BRF:19
BRH:14
end_of_record
TN:
SF:src/index.ts
FNF:0
FNH:0
LF:0
LH:0
BRF:0
BRH:0
end_of_record
TN:
SF:src/lint-cli.ts
FN:14,(anonymous_0)
FN:24,(anonymous_1)
FNF:2
FNH:0
FNDA:0,(anonymous_0)
FNDA:0,(anonymous_1)
DA:9,0
DA:10,0
DA:11,0
DA:13,0
DA:15,0
DA:16,0
DA:17,0
DA:19,0
DA:21,0
DA:22,0
DA:25,0
DA:26,0
LF:12
LH:0
BRDA:10,0,0,0
BRDA:10,0,1,0
BRDA:11,1,0,0
BRDA:11,1,1,0
BRDA:16,2,0,0
BRDA:16,2,1,0
BRDA:25,3,0,0
BRDA:25,3,1,0
BRF:8
BRH:0
end_of_record
TN:
SF:src/lint-types.ts
FNF:0
FNH:0
LF:0
LH:0
BRF:0
BRH:0
end_of_record
TN:
SF:src/model.ts
FN:98,inferColumnKind
FN:141,pgEnumNameToGraphql
FN:144,(anonymous_2)
FN:158,inferAuditProfile
FN:159,(anonymous_4)
FN:160,(anonymous_5)
FN:170,inferDeleteStrategy
FN:171,(anonymous_7)
FN:174,isServerManaged
FN:182,collectSchemaFiles
FN:186,(anonymous_10)
FN:187,(anonymous_11)
FN:188,(anonymous_12)
FN:192,importSchemaModule
FN:202,loadEntities
FN:280,(anonymous_15)
FN:307,(anonymous_16)
FNF:17
FNH:17
FNDA:422,inferColumnKind
FNDA:6,pgEnumNameToGraphql
FNDA:12,(anonymous_2)
FNDA:52,inferAuditProfile
FNDA:422,(anonymous_4)
FNDA:232,(anonymous_5)
FNDA:52,inferDeleteStrategy
FNDA:344,(anonymous_7)
FNDA:844,isServerManaged
FNDA:11,collectSchemaFiles
FNDA:81,(anonymous_10)
FNDA:81,(anonymous_11)
FNDA:81,(anonymous_12)
FNDA:74,importSchemaModule
FNDA:10,loadEntities
FNDA:52,(anonymous_15)
FNDA:78,(anonymous_16)
DA:91,4
DA:92,4
DA:103,422
DA:104,422
DA:105,340
DA:106,184
DA:107,144
DA:108,126
DA:109,126
DA:110,122
DA:111,122
DA:112,122
DA:113,122
DA:114,122
DA:115,122
DA:116,0
DA:120,122
DA:121,116
DA:122,0
DA:126,116
DA:128,6
DA:129,0
DA:130,0
DA:134,0
DA:136,6
DA:137,0
DA:142,6
DA:144,12
DA:159,422
DA:160,232
DA:161,52
DA:162,12
DA:163,12
DA:165,0
DA:171,344
DA:175,844
DA:183,11
DA:184,11
DA:185,11
DA:186,81
DA:187,81
DA:188,81
DA:189,11
DA:193,74
DA:194,74
DA:196,0
DA:197,0
DA:198,0
DA:203,10
DA:204,10
DA:205,10
DA:207,10
DA:208,64
DA:209,64
DA:210,64
DA:212,64
DA:213,106
DA:215,52
DA:216,52
DA:217,52
DA:218,52
DA:223,52
DA:224,422
DA:225,422
DA:226,0
DA:230,422
DA:231,422
DA:232,0
DA:234,422
DA:237,422
DA:238,6
DA:239,6
DA:240,6
DA:241,6
DA:243,6
DA:244,0
DA:249,422
DA:251,422
DA:252,182
DA:253,182
DA:254,32
DA:258,422
DA:259,422
DA:261,422
DA:280,52
DA:281,0
DA:284,52
DA:285,106
DA:286,0
DA:289,52
DA:290,52
DA:306,10
DA:307,78
LF:93
LH:78
BRDA:104,0,0,82
BRDA:104,0,1,340
BRDA:105,1,0,156
BRDA:105,1,1,184
BRDA:105,2,0,340
BRDA:105,2,1,184
BRDA:106,3,0,40
BRDA:106,3,1,144
BRDA:107,4,0,18
BRDA:107,4,1,126
BRDA:108,5,0,0
BRDA:108,5,1,126
BRDA:109,6,0,4
BRDA:109,6,1,122
BRDA:110,7,0,0
BRDA:110,7,1,122
BRDA:110,8,0,122
BRDA:110,8,1,122
BRDA:111,9,0,0
BRDA:111,9,1,122
BRDA:112,10,0,0
BRDA:112,10,1,122
BRDA:112,11,0,122
BRDA:112,11,1,122
BRDA:113,12,0,0
BRDA:113,12,1,122
BRDA:113,13,0,122
BRDA:113,13,1,122
BRDA:114,14,0,0
BRDA:114,14,1,122
BRDA:115,15,0,0
BRDA:115,15,1,122
BRDA:120,16,0,116
BRDA:120,16,1,6
BRDA:121,17,0,0
BRDA:121,17,1,116
BRDA:128,18,0,0
BRDA:128,18,1,6
BRDA:129,19,0,0
BRDA:129,19,1,0
BRDA:136,20,0,6
BRDA:136,20,1,0
BRDA:161,21,0,40
BRDA:161,21,1,12
BRDA:162,22,0,12
BRDA:162,22,1,0
BRDA:162,23,0,12
BRDA:162,23,1,12
BRDA:162,23,2,12
BRDA:162,23,3,12
BRDA:171,24,0,18
BRDA:171,24,1,34
BRDA:176,25,0,844
BRDA:176,25,1,740
BRDA:176,25,2,372
BRDA:184,26,0,0
BRDA:184,26,1,11
BRDA:186,27,0,81
BRDA:186,27,1,81
BRDA:188,28,0,81
BRDA:188,28,1,74
BRDA:189,29,0,11
BRDA:189,29,1,0
BRDA:213,30,0,54
BRDA:213,30,1,52
BRDA:225,31,0,0
BRDA:225,31,1,422
BRDA:230,32,0,422
BRDA:230,32,1,20
BRDA:231,33,0,0
BRDA:231,33,1,422
BRDA:231,34,0,422
BRDA:231,34,1,0
BRDA:237,35,0,6
BRDA:237,35,1,416
BRDA:239,36,0,6
BRDA:239,36,1,0
BRDA:241,37,0,6
BRDA:241,37,1,0
BRDA:243,38,0,0
BRDA:243,38,1,6
BRDA:243,39,0,6
BRDA:243,39,1,6
BRDA:251,40,0,182
BRDA:251,40,1,240
BRDA:251,41,0,422
BRDA:251,41,1,182
BRDA:251,41,2,182
BRDA:253,42,0,32
BRDA:253,42,1,150
BRDA:253,43,0,182
BRDA:253,43,1,168
BRDA:253,43,2,150
BRDA:280,44,0,0
BRDA:280,44,1,52
BRDA:280,45,0,52
BRDA:280,45,1,52
BRDA:284,46,0,52
BRDA:284,46,1,6
BRDA:285,47,0,0
BRDA:285,47,1,106
BRDA:285,48,0,106
BRDA:285,48,1,0
BRF:103
BRH:79
end_of_record
TN:
SF:src/relations.ts
FN:14,hasUniqueOnColumn
FN:21,(anonymous_1)
FN:29,singularize
FN:35,columnDrizzleKey
FN:48,resolveTableExport
FN:57,(anonymous_5)
FN:60,fkMatchesEntity
FN:67,childFkReferencingParent
FN:74,(anonymous_8)
FN:75,(anonymous_9)
FN:78,inferManyToMany
FN:85,(anonymous_11)
FN:87,(anonymous_12)
FN:89,(anonymous_13)
FN:92,(anonymous_14)
FN:99,attachRelations
FN:108,(anonymous_16)
FN:133,(anonymous_17)
FN:152,(anonymous_18)
FN:192,(anonymous_19)
FNF:20
FNH:13
FNDA:30,hasUniqueOnColumn
FNDA:0,(anonymous_1)
FNDA:36,singularize
FNDA:30,columnDrizzleKey
FNDA:60,resolveTableExport
FNDA:0,(anonymous_5)
FNDA:36,fkMatchesEntity
FNDA:30,childFkReferencingParent
FNDA:264,(anonymous_8)
FNDA:36,(anonymous_9)
FNDA:0,inferManyToMany
FNDA:0,(anonymous_11)
FNDA:0,(anonymous_12)
FNDA:0,(anonymous_13)
FNDA:0,(anonymous_14)
FNDA:10,attachRelations
FNDA:52,(anonymous_16)
FNDA:66,(anonymous_17)
FNDA:216,(anonymous_18)
FNDA:534,(anonymous_19)
DA:15,30
DA:16,30
DA:17,30
DA:18,30
DA:19,30
DA:20,30
DA:21,0
DA:23,0
DA:30,36
DA:31,30
DA:32,0
DA:40,30
DA:41,30
DA:42,30
DA:43,66
DA:45,0
DA:53,60
DA:54,60
DA:55,294
DA:57,0
DA:61,36
DA:62,36
DA:63,36
DA:72,30
DA:73,30
DA:74,264
DA:75,36
DA:83,0
DA:84,0
DA:85,0
DA:86,0
DA:87,0
DA:88,0
DA:89,0
DA:90,0
DA:91,0
DA:92,0
DA:93,0
DA:95,0
DA:96,0
DA:100,10
DA:101,64
DA:103,10
DA:108,52
DA:110,10
DA:111,52
DA:112,52
DA:113,52
DA:115,52
DA:116,60
DA:117,60
DA:119,60
DA:120,60
DA:122,60
DA:123,36
DA:124,36
DA:125,30
DA:126,30
DA:127,30
DA:133,66
DA:139,6
DA:140,6
DA:151,24
DA:152,216
DA:154,24
DA:157,24
DA:158,0
DA:159,0
DA:172,24
DA:173,24
DA:186,60
DA:190,10
DA:191,52
DA:192,534
DA:193,422
LF:75
LH:55
BRDA:16,0,0,0
BRDA:16,0,1,30
BRDA:20,1,0,30
BRDA:20,1,1,0
BRDA:23,2,0,0
BRDA:23,2,1,0
BRDA:23,2,2,0
BRDA:30,3,0,6
BRDA:30,3,1,30
BRDA:31,4,0,30
BRDA:31,4,1,0
BRDA:41,5,0,0
BRDA:41,5,1,30
BRDA:43,6,0,30
BRDA:43,6,1,36
BRDA:55,7,0,60
BRDA:55,7,1,234
BRDA:55,8,0,294
BRDA:55,8,1,234
BRDA:61,9,0,0
BRDA:61,9,1,36
BRDA:63,10,0,36
BRDA:63,10,1,6
BRDA:73,11,0,0
BRDA:73,11,1,30
BRDA:74,12,0,264
BRDA:74,12,1,42
BRDA:84,13,0,0
BRDA:84,13,1,0
BRDA:85,14,0,0
BRDA:85,14,1,0
BRDA:86,15,0,0
BRDA:86,15,1,0
BRDA:88,16,0,0
BRDA:88,16,1,0
BRDA:90,17,0,0
BRDA:90,17,1,0
BRDA:93,18,0,0
BRDA:93,18,1,0
BRDA:95,19,0,0
BRDA:95,19,1,0
BRDA:113,20,0,0
BRDA:113,20,1,52
BRDA:117,21,0,0
BRDA:117,21,1,60
BRDA:117,22,0,60
BRDA:117,22,1,60
BRDA:122,23,0,36
BRDA:122,23,1,24
BRDA:124,24,0,30
BRDA:124,24,1,6
BRDA:129,25,0,0
BRDA:129,25,1,30
BRDA:151,26,0,24
BRDA:151,26,1,0
BRDA:154,27,0,0
BRDA:154,27,1,24
BRDA:157,28,0,0
BRDA:157,28,1,24
BRDA:163,29,0,0
BRDA:163,29,1,0
BRDA:186,30,0,60
BRDA:186,30,1,0
BRDA:193,31,0,422
BRDA:193,31,1,392
BRDA:193,31,2,0
BRF:66
BRH:33
end_of_record
TN:
SF:src/generators/bootstrap-schema.ts
FN:18,buildBootstrapSchema
FNF:1
FNH:1
FNDA:11,buildBootstrapSchema
DA:19,11
DA:34,11
DA:49,11
DA:66,11
DA:80,11
DA:88,11
LF:6
LH:6
BRF:0
BRH:0
end_of_record
TN:
SF:src/generators/entity-schema.ts
FN:40,columnOutputType
FN:45,columnInputType
FN:54,buildSortEnum
FN:59,(anonymous_3)
FN:67,buildAssociationFilter
FN:93,buildEntityFilter
FN:103,(anonymous_6)
FN:151,buildEntitySchema
FN:157,(anonymous_8)
FN:163,(anonymous_9)
FN:165,(anonymous_10)
FN:175,(anonymous_11)
FN:224,(anonymous_12)
FN:244,(anonymous_13)
FN:445,(anonymous_14)
FN:454,(anonymous_15)
FN:463,(anonymous_16)
FNF:17
FNH:14
FNDA:176,columnOutputType
FNDA:132,columnInputType
FNDA:25,buildSortEnum
FNDA:176,(anonymous_3)
FNDA:6,buildAssociationFilter
FNDA:25,buildEntityFilter
FNDA:25,(anonymous_6)
FNDA:50,buildEntitySchema
FNDA:424,(anonymous_8)
FNDA:25,(anonymous_9)
FNDA:176,(anonymous_10)
FNDA:20,(anonymous_11)
FNDA:69,(anonymous_12)
FNDA:63,(anonymous_13)
FNDA:0,(anonymous_14)
FNDA:0,(anonymous_15)
FNDA:0,(anonymous_16)
DA:41,176
DA:42,176
DA:50,132
DA:51,132
DA:55,25
DA:59,176
DA:71,6
DA:72,6
DA:73,6
DA:97,25
DA:100,25
DA:104,25
DA:105,25
DA:106,84
DA:111,25
DA:112,20
DA:113,20
DA:114,12
DA:118,8
DA:119,8
DA:120,8
DA:121,6
DA:123,8
DA:129,25
DA:147,25
DA:148,25
DA:156,50
DA:157,424
DA:158,50
DA:160,50
DA:164,25
DA:165,176
DA:173,25
DA:174,25
DA:176,20
DA:177,20
DA:182,20
DA:191,25
DA:194,50
DA:196,50
DA:197,25
DA:200,25
DA:201,25
DA:203,25
DA:215,25
DA:217,25
DA:218,25
DA:220,25
DA:224,69
DA:236,25
DA:239,25
DA:240,21
DA:244,63
DA:253,21
DA:256,25
DA:264,25
DA:266,25
DA:275,25
DA:277,25
DA:289,25
DA:291,25
DA:303,25
DA:305,25
DA:317,25
DA:319,25
DA:329,25
DA:331,25
DA:338,25
DA:340,25
DA:345,25
DA:395,25
DA:412,25
DA:413,21
DA:423,25
DA:430,25
DA:432,25
DA:439,25
DA:441,25
DA:446,0
DA:448,25
DA:450,25
DA:455,0
DA:457,25
DA:459,25
DA:464,0
DA:466,25
DA:468,25
DA:469,21
DA:477,21
DA:479,21
DA:488,21
DA:499,25
DA:508,25
DA:517,25
DA:526,25
DA:538,25
LF:96
LH:93
BRDA:42,0,0,160
BRDA:42,0,1,16
BRDA:51,1,0,37
BRDA:51,1,1,95
BRDA:112,2,0,0
BRDA:112,2,1,20
BRDA:113,3,0,12
BRDA:113,3,1,8
BRDA:113,4,0,20
BRDA:113,4,1,10
BRDA:118,5,0,8
BRDA:118,5,1,0
BRDA:118,6,0,8
BRDA:118,6,1,0
BRDA:120,7,0,6
BRDA:120,7,1,2
BRDA:162,8,0,50
BRDA:162,8,1,4
BRDA:173,9,0,0
BRDA:173,9,1,25
BRDA:175,10,0,25
BRDA:175,10,1,0
BRDA:177,11,0,8
BRDA:177,11,1,12
BRDA:179,12,0,2
BRDA:179,12,1,10
BRDA:196,13,0,25
BRDA:196,13,1,25
BRDA:227,14,0,69
BRDA:227,14,1,53
BRDA:229,15,0,4
BRDA:229,15,1,65
BRDA:229,16,0,69
BRDA:229,16,1,4
BRDA:239,17,0,21
BRDA:239,17,1,4
BRDA:412,18,0,21
BRDA:412,18,1,4
BRDA:446,19,0,0
BRDA:446,19,1,0
BRDA:455,20,0,0
BRDA:455,20,1,0
BRDA:464,21,0,0
BRDA:464,21,1,0
BRDA:468,22,0,21
BRDA:468,22,1,4
BRF:46
BRH:35
end_of_record
TN:
SF:src/generators/pubsub.ts
FN:3,sortedEntities
FN:4,(anonymous_1)
FN:8,generatePubSub
FN:10,(anonymous_3)
FNF:4
FNH:4
FNDA:2,sortedEntities
FNDA:15,(anonymous_1)
FNDA:2,generatePubSub
FNDA:9,(anonymous_3)
DA:4,15
DA:9,2
DA:11,9
DA:12,9
DA:16,2
LF:5
LH:5
BRF:0
BRH:0
end_of_record
TN:
SF:src/generators/repository-scalars.ts
FN:31,tsTypeForColumn
FN:35,(anonymous_1)
FN:40,collectScalarImports
FN:48,(anonymous_3)
FN:51,inputRef
FN:58,parseWrapper
FN:67,assignCreateValue
FN:79,assignUpdateValue
FN:101,mapRowFieldLine
FN:112,cursorWireKinds
FN:113,(anonymous_10)
FN:116,constraintMetadataBlock
FN:122,(anonymous_12)
FN:136,dalCoreImportBlock
FN:170,(anonymous_14)
FN:171,(anonymous_15)
FN:178,cursorSerializeBody
FN:180,(anonymous_17)
FN:181,(anonymous_18)
FN:186,(anonymous_19)
FN:204,cursorDeserializeBody
FN:206,(anonymous_21)
FN:206,(anonymous_22)
FN:211,(anonymous_23)
FNF:24
FNH:24
FNDA:93,tsTypeForColumn
FNDA:8,(anonymous_1)
FNDA:9,collectScalarImports
FNDA:9,(anonymous_3)
FNDA:26,inputRef
FNDA:1,parseWrapper
FNDA:26,assignCreateValue
FNDA:23,assignUpdateValue
FNDA:67,mapRowFieldLine
FNDA:18,cursorWireKinds
FNDA:134,(anonymous_10)
FNDA:9,constraintMetadataBlock
FNDA:8,(anonymous_12)
FNDA:9,dalCoreImportBlock
FNDA:450,(anonymous_14)
FNDA:81,(anonymous_15)
FNDA:9,cursorSerializeBody
FNDA:17,(anonymous_17)
FNDA:67,(anonymous_18)
FNDA:17,(anonymous_19)
FNDA:9,cursorDeserializeBody
FNDA:67,(anonymous_21)
FNDA:124,(anonymous_22)
FNDA:17,(anonymous_23)
DA:4,1
DA:13,1
DA:22,1
DA:32,93
DA:33,87
DA:34,85
DA:35,8
DA:37,83
DA:41,9
DA:42,9
DA:43,67
DA:44,67
DA:45,67
DA:46,67
DA:48,9
DA:52,26
DA:53,4
DA:55,22
DA:59,1
DA:60,1
DA:61,1
DA:62,0
DA:64,1
DA:68,26
DA:69,26
DA:70,1
DA:72,25
DA:73,1
DA:74,1
DA:76,24
DA:80,23
DA:81,1
DA:82,1
DA:83,1
DA:87,0
DA:91,22
DA:92,1
DA:96,21
DA:102,67
DA:103,67
DA:104,50
DA:106,17
DA:107,17
DA:109,0
DA:113,134
DA:117,9
DA:118,9
DA:119,2
DA:121,7
DA:123,8
DA:127,8
DA:128,8
DA:129,8
DA:130,8
DA:133,7
DA:137,9
DA:138,9
DA:158,9
DA:170,450
DA:171,81
DA:172,9
DA:179,9
DA:180,17
DA:181,67
DA:182,9
DA:183,0
DA:185,9
DA:187,17
DA:188,17
DA:191,17
DA:195,9
DA:205,9
DA:206,124
DA:207,9
DA:208,0
DA:210,9
DA:212,17
DA:213,17
DA:216,0
DA:220,9
LF:80
LH:74
BRDA:32,0,0,6
BRDA:32,0,1,87
BRDA:33,1,0,2
BRDA:33,1,1,85
BRDA:33,2,0,87
BRDA:33,2,1,87
BRDA:33,2,2,85
BRDA:34,3,0,2
BRDA:34,3,1,83
BRDA:34,4,0,85
BRDA:34,4,1,2
BRDA:45,5,0,17
BRDA:45,5,1,50
BRDA:46,6,0,17
BRDA:46,6,1,50
BRDA:52,7,0,4
BRDA:52,7,1,22
BRDA:60,8,0,0
BRDA:60,8,1,1
BRDA:61,9,0,0
BRDA:61,9,1,1
BRDA:69,10,0,1
BRDA:69,10,1,25
BRDA:72,11,0,1
BRDA:72,11,1,24
BRDA:80,12,0,1
BRDA:80,12,1,22
BRDA:82,13,0,1
BRDA:82,13,1,0
BRDA:91,14,0,1
BRDA:91,14,1,21
BRDA:103,15,0,50
BRDA:103,15,1,17
BRDA:106,16,0,17
BRDA:106,16,1,0
BRDA:118,17,0,2
BRDA:118,17,1,7
BRDA:127,18,0,7
BRDA:127,18,1,1
BRDA:128,19,0,1
BRDA:128,19,1,7
BRDA:129,20,0,0
BRDA:129,20,1,8
BRDA:182,21,0,0
BRDA:182,21,1,9
BRDA:188,22,0,17
BRDA:188,22,1,0
BRDA:207,23,0,0
BRDA:207,23,1,9
BRDA:212,24,0,17
BRDA:212,24,1,0
BRF:51
BRH:42
end_of_record
TN:
SF:src/generators/repository.ts
FN:17,collectRelationTableImports
FN:23,(anonymous_1)
FN:33,columnDescriptorLines
FN:35,(anonymous_3)
FN:36,(anonymous_4)
FN:43,relationsVarName
FN:47,relVarName
FN:51,resolveRelationTargets
FN:58,(anonymous_8)
FN:73,buildRelationDescriptorObject
FN:100,generateRelationDescriptorsModule
FN:116,(anonymous_11)
FN:153,(anonymous_12)
FN:167,hasParentBatchMethods
FN:179,drizzleImportLine
FN:186,activeRowWhere
FN:190,buildRelationProjectionHints
FN:192,(anonymous_17)
FN:193,(anonymous_18)
FN:201,parentBatchMethods
FN:203,(anonymous_20)
FN:247,generateRepository
FN:258,(anonymous_22)
FN:265,(anonymous_23)
FN:268,(anonymous_24)
FN:274,(anonymous_25)
FN:275,(anonymous_26)
FN:284,(anonymous_27)
FN:359,(anonymous_28)
FN:368,(anonymous_29)
FN:372,(anonymous_30)
FN:678,generateRepositoryIndex
FN:680,(anonymous_32)
FNF:33
FNH:32
FNDA:9,collectRelationTableImports
FNDA:20,(anonymous_1)
FNDA:14,columnDescriptorLines
FNDA:128,(anonymous_3)
FNDA:116,(anonymous_4)
FNDA:19,relationsVarName
FNDA:10,relVarName
FNDA:20,resolveRelationTargets
FNDA:160,(anonymous_8)
FNDA:10,buildRelationDescriptorObject
FNDA:2,generateRelationDescriptorsModule
FNDA:10,(anonymous_11)
FNDA:15,(anonymous_12)
FNDA:0,hasParentBatchMethods
FNDA:9,drizzleImportLine
FNDA:9,activeRowWhere
FNDA:9,buildRelationProjectionHints
FNDA:10,(anonymous_17)
FNDA:5,(anonymous_18)
FNDA:9,parentBatchMethods
FNDA:5,(anonymous_20)
FNDA:9,generateRepository
FNDA:73,(anonymous_22)
FNDA:67,(anonymous_23)
FNDA:67,(anonymous_24)
FNDA:26,(anonymous_25)
FNDA:23,(anonymous_26)
FNDA:14,(anonymous_27)
FNDA:67,(anonymous_28)
FNDA:67,(anonymous_29)
FNDA:26,(anonymous_30)
FNDA:2,generateRepositoryIndex
FNDA:9,(anonymous_32)
DA:18,9
DA:19,9
DA:20,10
DA:21,10
DA:22,10
DA:23,20
DA:24,4
DA:26,10
DA:27,0
DA:30,9
DA:34,14
DA:35,128
DA:38,116
DA:44,19
DA:48,10
DA:58,160
DA:59,20
DA:61,20
DA:66,20
DA:68,20
DA:69,20
DA:70,20
DA:77,10
DA:79,10
DA:101,2
DA:102,2
DA:103,9
DA:104,9
DA:105,10
DA:106,10
DA:110,2
DA:111,2
DA:112,2
DA:113,2
DA:115,2
DA:116,10
DA:117,9
DA:119,9
DA:120,10
DA:121,10
DA:122,10
DA:124,10
DA:125,10
DA:131,5
DA:133,10
DA:134,4
DA:136,10
DA:137,1
DA:141,9
DA:142,9
DA:143,2
DA:145,7
DA:147,9
DA:150,2
DA:153,15
DA:168,0
DA:169,0
DA:170,0
DA:171,0
DA:172,0
DA:176,0
DA:180,9
DA:181,9
DA:182,9
DA:183,9
DA:187,9
DA:191,9
DA:192,10
DA:195,5
DA:197,9
DA:198,4
DA:202,9
DA:203,9
DA:204,5
DA:207,9
DA:208,9
DA:209,65
DA:210,80
DA:211,5
DA:212,5
DA:214,5
DA:215,4
DA:229,5
DA:230,1
DA:244,9
DA:252,9
DA:253,9
DA:254,9
DA:255,9
DA:256,9
DA:258,73
DA:259,9
DA:260,9
DA:262,9
DA:263,9
DA:265,67
DA:267,9
DA:270,67
DA:274,26
DA:275,23
DA:277,9
DA:278,9
DA:279,9
DA:280,9
DA:281,9
DA:283,9
DA:284,14
DA:286,9
DA:309,9
DA:325,9
DA:361,67
DA:368,67
DA:372,26
DA:679,2
DA:682,9
DA:685,2
LF:116
LH:109
BRDA:20,0,0,10
BRDA:20,0,1,0
BRDA:21,1,0,0
BRDA:21,1,1,10
BRDA:22,2,0,4
BRDA:22,2,1,6
BRDA:22,3,0,10
BRDA:22,3,1,6
BRDA:23,4,0,20
BRDA:23,4,1,20
BRDA:24,5,0,4
BRDA:24,5,1,0
BRDA:26,6,0,0
BRDA:26,6,1,10
BRDA:35,7,0,128
BRDA:35,7,1,122
BRDA:61,8,0,8
BRDA:61,8,1,12
BRDA:63,9,0,0
BRDA:63,9,1,12
BRDA:63,10,0,12
BRDA:63,10,1,0
BRDA:66,11,0,0
BRDA:66,11,1,20
BRDA:68,12,0,0
BRDA:68,12,1,20
BRDA:68,13,0,0
BRDA:68,13,1,0
BRDA:69,14,0,20
BRDA:69,14,1,0
BRDA:82,15,0,5
BRDA:82,15,1,5
BRDA:83,16,0,5
BRDA:83,16,1,5
BRDA:84,17,0,0
BRDA:84,17,1,10
BRDA:85,18,0,0
BRDA:85,18,1,10
BRDA:86,19,0,10
BRDA:86,19,1,0
BRDA:88,20,0,10
BRDA:88,20,1,0
BRDA:90,21,0,4
BRDA:90,21,1,6
BRDA:91,22,0,4
BRDA:91,22,1,6
BRDA:92,23,0,10
BRDA:92,23,1,10
BRDA:105,24,0,10
BRDA:105,24,1,0
BRDA:106,25,0,0
BRDA:106,25,1,10
BRDA:125,26,0,5
BRDA:125,26,1,5
BRDA:125,27,0,10
BRDA:125,27,1,5
BRDA:125,27,2,5
BRDA:125,27,3,1
BRDA:125,27,4,5
BRDA:133,28,0,4
BRDA:133,28,1,6
BRDA:133,29,0,10
BRDA:133,29,1,4
BRDA:136,30,0,1
BRDA:136,30,1,9
BRDA:136,31,0,10
BRDA:136,31,1,1
BRDA:136,31,2,1
BRDA:142,32,0,2
BRDA:142,32,1,7
BRDA:170,33,0,0
BRDA:170,33,1,0
BRDA:170,34,0,0
BRDA:170,34,1,0
BRDA:171,35,0,0
BRDA:171,35,1,0
BRDA:171,36,0,0
BRDA:171,36,1,0
BRDA:171,36,2,0
BRDA:181,37,0,9
BRDA:181,37,1,0
BRDA:182,38,0,3
BRDA:182,38,1,6
BRDA:187,39,0,3
BRDA:187,39,1,6
BRDA:197,40,0,5
BRDA:197,40,1,4
BRDA:204,41,0,1
BRDA:204,41,1,4
BRDA:210,42,0,75
BRDA:210,42,1,5
BRDA:210,43,0,80
BRDA:210,43,1,10
BRDA:214,44,0,4
BRDA:214,44,1,1
BRDA:229,45,0,1
BRDA:229,45,1,4
BRDA:229,46,0,5
BRDA:229,46,1,1
BRDA:275,47,0,7
BRDA:275,47,1,2
BRDA:286,48,0,7
BRDA:286,48,1,2
BRDA:320,49,0,3
BRDA:320,49,1,6
BRDA:322,50,0,3
BRDA:322,50,1,6
BRDA:368,51,0,61
BRDA:368,51,1,6
BRDA:372,52,0,15
BRDA:372,52,1,11
BRDA:372,53,0,26
BRDA:372,53,1,20
BRDA:372,54,0,6
BRDA:372,54,1,20
BRDA:375,55,0,7
BRDA:375,55,1,2
BRDA:385,56,0,7
BRDA:385,56,1,2
BRDA:499,57,0,7
BRDA:499,57,1,2
BRDA:501,58,0,7
BRDA:501,58,1,2
BRDA:514,59,0,7
BRDA:514,59,1,2
BRDA:540,60,0,3
BRDA:540,60,1,6
BRDA:542,61,0,3
BRDA:542,61,1,6
BRDA:584,62,0,7
BRDA:584,62,1,2
BRF:131
BRH:104
end_of_record
TN:
SF:src/generators/resolvers.ts
FN:3,targetRepoBasename
FN:4,(anonymous_1)
FN:8,generateLoaderSetup
FN:48,generateFieldResolvers
FN:60,(anonymous_4)
FN:89,generateResolvers
FN:224,(anonymous_6)
FN:227,(anonymous_7)
FN:231,(anonymous_8)
FNF:9
FNH:9
FNDA:10,targetRepoBasename
FNDA:48,(anonymous_1)
FNDA:2,generateLoaderSetup
FNDA:2,generateFieldResolvers
FNDA:12,(anonymous_4)
FNDA:2,generateResolvers
FNDA:9,(anonymous_6)
FNDA:9,(anonymous_7)
FNDA:9,(anonymous_8)
DA:4,48
DA:5,10
DA:9,2
DA:11,2
DA:12,9
DA:13,10
DA:15,10
DA:16,5
DA:17,5
DA:23,5
DA:24,4
DA:25,4
DA:26,4
DA:32,1
DA:33,1
DA:34,1
DA:35,1
DA:45,2
DA:49,2
DA:51,2
DA:52,9
DA:53,7
DA:55,7
DA:56,10
DA:57,10
DA:59,6
DA:60,12
DA:61,6
DA:62,6
DA:63,1
DA:65,1
DA:67,5
DA:72,4
DA:73,4
DA:80,7
DA:81,7
DA:86,2
DA:90,2
DA:91,2
DA:92,2
DA:94,2
DA:95,9
DA:96,9
DA:97,9
DA:98,9
DA:99,9
DA:101,9
DA:142,9
DA:172,9
DA:173,7
DA:195,9
DA:204,9
DA:218,2
DA:219,2
DA:222,2
DA:224,9
DA:226,2
DA:227,9
DA:230,2
DA:231,9
DA:234,2
DA:246,2
LF:62
LH:62
BRDA:5,0,0,10
BRDA:5,0,1,0
BRDA:15,1,0,5
BRDA:15,1,1,5
BRDA:15,2,0,10
BRDA:15,2,1,5
BRDA:15,2,2,6
BRDA:23,3,0,4
BRDA:23,3,1,1
BRDA:32,4,0,1
BRDA:32,4,1,0
BRDA:32,5,0,1
BRDA:32,5,1,1
BRDA:52,6,0,2
BRDA:52,6,1,7
BRDA:57,7,0,6
BRDA:57,7,1,4
BRDA:57,8,0,10
BRDA:57,8,1,5
BRDA:59,9,0,6
BRDA:59,9,1,1
BRDA:61,10,0,0
BRDA:61,10,1,6
BRDA:61,11,0,6
BRDA:61,11,1,1
BRDA:62,12,0,1
BRDA:62,12,1,5
BRDA:62,13,0,6
BRDA:62,13,1,1
BRDA:72,14,0,4
BRDA:72,14,1,0
BRDA:80,15,0,0
BRDA:80,15,1,7
BRDA:172,16,0,7
BRDA:172,16,1,2
BRDA:222,17,0,0
BRDA:222,17,1,2
BRF:37
BRH:31
end_of_record
TN:
SF:src/generators/schema-builder.ts
FN:13,sortedEntities
FN:14,(anonymous_1)
FN:17,mergeFieldMaps
FN:23,formatSchemaError
FN:30,buildDalGraphQLSchema
FN:102,(anonymous_5)
FNF:6
FNH:4
FNDA:11,sortedEntities
FNDA:30,(anonymous_1)
FNDA:33,mergeFieldMaps
FNDA:0,formatSchemaError
FNDA:11,buildDalGraphQLSchema
FNDA:0,(anonymous_5)
DA:14,30
DA:20,33
DA:24,0
DA:25,0
DA:26,0
DA:31,11
DA:32,0
DA:35,11
DA:36,11
DA:37,11
DA:38,11
DA:39,11
DA:42,11
DA:44,11
DA:45,22
DA:48,11
DA:49,11
DA:50,25
DA:51,25
DA:52,25
DA:53,25
DA:54,25
DA:59,11
DA:60,25
DA:61,25
DA:62,467
DA:63,467
DA:65,25
DA:66,25
DA:67,25
DA:70,11
DA:76,11
DA:82,11
DA:88,11
DA:89,11
DA:90,11
DA:92,11
DA:99,11
DA:100,11
DA:101,0
DA:102,0
DA:106,11
LF:42
LH:36
BRDA:25,0,0,0
BRDA:25,0,1,0
BRDA:25,1,0,0
BRDA:25,1,1,0
BRDA:31,2,0,0
BRDA:31,2,1,11
BRDA:52,3,0,25
BRDA:52,3,1,0
BRDA:100,4,0,0
BRDA:100,4,1,11
BRF:10
BRH:3
end_of_record
TN:
SF:src/generators/schema-registry.ts
FN:48,passthroughScalar
FN:52,(anonymous_1)
FN:53,(anonymous_2)
FN:54,(anonymous_3)
FN:58,customScalarForColumn
FN:77,filterForColumnKind
FN:110,collectEnums
FN:121,(anonymous_7)
FN:122,(anonymous_8)
FN:124,(anonymous_9)
FN:128,collectUsedTypes
FN:170,(anonymous_11)
FN:171,(anonymous_12)
FN:176,buildStringFilter
FN:198,buildBooleanFilter
FN:208,buildDateTimeFilter
FN:229,buildIdFilter
FN:242,buildIntFilter
FN:263,buildFloatFilter
FN:284,buildBigIntFilter
FN:301,buildDecimalFilter
FN:318,buildDateFilter
FN:339,buildTimeTzFilter
FN:360,buildIntervalMsFilter
FN:377,buildEnumFilter
FN:407,registryType
FN:416,registryTypeRef
FN:436,buildSchemaRegistry
FN:452,(anonymous_28)
FN:529,(anonymous_29)
FN:536,(anonymous_30)
FN:540,(anonymous_31)
FN:544,(anonymous_32)
FN:548,(anonymous_33)
FN:552,(anonymous_34)
FNF:35
FNH:20
FNDA:12,passthroughScalar
FNDA:0,(anonymous_1)
FNDA:0,(anonymous_2)
FNDA:0,(anonymous_3)
FNDA:184,customScalarForColumn
FNDA:88,filterForColumnKind
FNDA:12,collectEnums
FNDA:0,(anonymous_7)
FNDA:4,(anonymous_8)
FNDA:8,(anonymous_9)
FNDA:12,collectUsedTypes
FNDA:72,(anonymous_11)
FNDA:132,(anonymous_12)
FNDA:12,buildStringFilter
FNDA:7,buildBooleanFilter
FNDA:2,buildDateTimeFilter
FNDA:12,buildIdFilter
FNDA:2,buildIntFilter
FNDA:0,buildFloatFilter
FNDA:0,buildBigIntFilter
FNDA:0,buildDecimalFilter
FNDA:0,buildDateFilter
FNDA:0,buildTimeTzFilter
FNDA:0,buildIntervalMsFilter
FNDA:4,buildEnumFilter
FNDA:450,registryType
FNDA:308,registryTypeRef
FNDA:12,buildSchemaRegistry
FNDA:12,(anonymous_28)
FNDA:2,(anonymous_29)
FNDA:0,(anonymous_30)
FNDA:0,(anonymous_31)
FNDA:0,(anonymous_32)
FNDA:0,(anonymous_33)
FNDA:0,(anonymous_34)
DA:34,5
DA:49,12
DA:52,0
DA:53,0
DA:54,0
DA:59,184
DA:61,50
DA:63,0
DA:65,0
DA:67,0
DA:69,0
DA:71,0
DA:73,134
DA:78,88
DA:80,26
DA:82,11
DA:84,2
DA:87,43
DA:90,2
DA:92,0
DA:94,0
DA:96,0
DA:98,0
DA:100,0
DA:102,0
DA:104,4
DA:106,0
DA:111,12
DA:112,12
DA:113,26
DA:114,222
DA:115,4
DA:116,222
DA:117,4
DA:120,12
DA:121,0
DA:122,4
DA:124,8
DA:133,12
DA:134,12
DA:136,12
DA:137,26
DA:138,184
DA:139,184
DA:141,26
DA:142,88
DA:143,88
DA:147,12
DA:155,12
DA:169,12
DA:170,72
DA:171,132
DA:177,12
DA:199,7
DA:209,2
DA:230,12
DA:243,2
DA:264,0
DA:285,0
DA:302,0
DA:319,0
DA:340,0
DA:361,0
DA:378,4
DA:399,5
DA:408,450
DA:409,450
DA:410,0
DA:412,450
DA:417,308
DA:418,308
DA:420,308
DA:421,197
DA:422,197
DA:426,308
DA:427,0
DA:428,0
DA:430,308
DA:433,308
DA:437,12
DA:438,12
DA:440,12
DA:441,12
DA:442,12
DA:443,12
DA:444,12
DA:447,12
DA:448,4
DA:452,12
DA:455,4
DA:456,4
DA:459,12
DA:469,12
DA:471,12
DA:481,12
DA:483,12
DA:496,12
DA:498,12
DA:507,12
DA:509,12
DA:517,12
DA:519,12
DA:520,12
DA:521,12
DA:522,12
DA:523,12
DA:524,12
DA:526,12
DA:530,2
DA:531,2
DA:537,0
DA:538,0
DA:541,0
DA:542,0
DA:545,0
DA:546,0
DA:549,0
DA:550,0
DA:553,0
DA:554,0
DA:558,12
DA:559,35
DA:560,35
DA:561,35
DA:562,35
DA:566,12
LF:126
LH:91
BRDA:59,0,0,50
BRDA:59,0,1,0
BRDA:59,0,2,0
BRDA:59,0,3,0
BRDA:59,0,4,0
BRDA:59,0,5,0
BRDA:59,0,6,134
BRDA:78,1,0,26
BRDA:78,1,1,11
BRDA:78,1,2,2
BRDA:78,1,3,21
BRDA:78,1,4,43
BRDA:78,1,5,0
BRDA:78,1,6,2
BRDA:78,1,7,0
BRDA:78,1,8,0
BRDA:78,1,9,0
BRDA:78,1,10,0
BRDA:78,1,11,0
BRDA:78,1,12,0
BRDA:78,1,13,4
BRDA:78,1,14,0
BRDA:114,2,0,218
BRDA:114,2,1,4
BRDA:114,3,0,222
BRDA:114,3,1,4
BRDA:114,3,2,4
BRDA:115,4,0,4
BRDA:115,4,1,4
BRDA:139,5,0,50
BRDA:139,5,1,134
BRDA:143,6,0,84
BRDA:143,6,1,4
BRDA:408,7,0,450
BRDA:408,7,1,244
BRDA:409,8,0,0
BRDA:409,8,1,450
BRDA:420,9,0,197
BRDA:420,9,1,111
BRDA:426,10,0,0
BRDA:426,10,1,308
BRDA:426,11,0,308
BRDA:426,11,1,0
BRDA:433,12,0,111
BRDA:433,12,1,197
BRDA:530,13,0,0
BRDA:530,13,1,2
BRDA:537,14,0,0
BRDA:537,14,1,0
BRDA:541,15,0,0
BRDA:541,15,1,0
BRDA:545,16,0,0
BRDA:545,16,1,0
BRDA:549,17,0,0
BRDA:549,17,1,0
BRDA:553,18,0,0
BRDA:553,18,1,0
BRDA:560,19,0,35
BRDA:560,19,1,0
BRF:59
BRH:31
end_of_record
TN:
SF:src/generators/schema-utils.ts
FN:4,scalarForColumn
FN:34,toSortEnumMember
FN:38,filterForColumn
FN:68,columnGraphqlDescription
FN:79,visibleOutputColumns
FN:80,(anonymous_5)
FN:88,filterableColumns
FN:89,(anonymous_7)
FN:94,internalRecordColumns
FN:95,(anonymous_9)
FN:100,businessColumnsWithConstraints
FN:101,(anonymous_11)
FNF:12
FNH:12
FNDA:308,scalarForColumn
FNDA:352,toSortEnumMember
FNDA:84,filterForColumn
FNDA:569,columnGraphqlDescription
FNDA:76,visibleOutputColumns
FNDA:646,(anonymous_5)
FNDA:62,filterableColumns
FNDA:515,(anonymous_7)
FNDA:36,internalRecordColumns
FNDA:292,(anonymous_9)
FNDA:9,businessColumnsWithConstraints
FNDA:73,(anonymous_11)
DA:5,308
DA:7,45
DA:9,30
DA:11,52
DA:14,6
DA:16,0
DA:18,0
DA:20,0
DA:22,0
DA:24,0
DA:26,0
DA:28,12
DA:30,163
DA:35,352
DA:39,84
DA:41,25
DA:43,10
DA:45,2
DA:48,2
DA:50,0
DA:52,0
DA:54,0
DA:56,0
DA:58,0
DA:60,0
DA:62,4
DA:64,41
DA:69,569
DA:74,569
DA:75,492
DA:76,492
DA:80,76
DA:82,646
DA:89,62
DA:90,515
DA:95,36
DA:96,292
DA:101,9
DA:103,73
LF:39
LH:27
BRDA:5,0,0,45
BRDA:5,0,1,30
BRDA:5,0,2,52
BRDA:5,0,3,0
BRDA:5,0,4,6
BRDA:5,0,5,0
BRDA:5,0,6,0
BRDA:5,0,7,0
BRDA:5,0,8,0
BRDA:5,0,9,0
BRDA:5,0,10,0
BRDA:5,0,11,12
BRDA:5,0,12,163
BRDA:28,1,0,12
BRDA:28,1,1,0
BRDA:39,2,0,25
BRDA:39,2,1,10
BRDA:39,2,2,2
BRDA:39,2,3,0
BRDA:39,2,4,2
BRDA:39,2,5,0
BRDA:39,2,6,0
BRDA:39,2,7,0
BRDA:39,2,8,0
BRDA:39,2,9,0
BRDA:39,2,10,0
BRDA:39,2,11,4
BRDA:39,2,12,41
BRDA:74,3,0,77
BRDA:74,3,1,492
BRDA:74,4,0,569
BRDA:74,4,1,547
BRDA:75,5,0,0
BRDA:75,5,1,492
BRDA:76,6,0,492
BRDA:76,6,1,22
BRDA:82,7,0,646
BRDA:82,7,1,606
BRDA:82,7,2,566
BRDA:90,8,0,515
BRDA:90,8,1,231
BRDA:90,9,0,515
BRDA:90,9,1,345
BRDA:96,10,0,292
BRDA:96,10,1,280
BRDA:103,11,0,73
BRDA:103,11,1,26
BRDA:103,11,2,19
BRDA:103,11,3,18
BRF:49
BRH:33
end_of_record
TN:
SF:src/generators/sdl.ts
FN:6,generateMergedTypeDefs
FN:14,generateSchemaModule
FNF:2
FNH:2
FNDA:5,generateMergedTypeDefs
FNDA:3,generateSchemaModule
DA:7,5
DA:8,5
DA:11,2
DA:15,3
DA:16,3
LF:5
LH:5
BRF:0
BRH:0
end_of_record
