TN:
SF:src/bulk.ts
FN:18,resolveBulkFilterMax
FN:28,isEmptyFilter
FN:38,isExistenceOnlyFilter
FN:57,resolveBulkAtomic
FN:62,assertFilterBulkConfirm
FN:75,assertFilterBulkCap
FNF:6
FNH:6
FNDA:2,resolveBulkFilterMax
FNDA:5,isEmptyFilter
FNDA:51,isExistenceOnlyFilter
FNDA:2,resolveBulkAtomic
FNDA:2,assertFilterBulkConfirm
FNDA:2,assertFilterBulkCap
DA:9,7
DA:10,7
DA:19,2
DA:20,2
DA:21,2
DA:22,2
DA:24,1
DA:29,5
DA:30,5
DA:31,5
DA:32,2
DA:34,3
DA:39,51
DA:40,51
DA:41,51
DA:42,51
DA:43,50
DA:44,50
DA:45,50
DA:46,48
DA:47,48
DA:48,48
DA:49,40
DA:50,40
DA:51,40
DA:52,32
DA:54,16
DA:58,2
DA:59,2
DA:67,2
DA:68,1
DA:76,2
DA:77,1
LF:33
LH:33
BRDA:20,0,0,2
BRDA:20,0,1,0
BRDA:20,1,0,2
BRDA:20,1,1,2
BRDA:22,2,0,1
BRDA:22,2,1,1
BRDA:22,3,0,2
BRDA:22,3,1,1
BRDA:29,4,0,0
BRDA:29,4,1,5
BRDA:29,5,0,5
BRDA:29,5,1,5
BRDA:30,6,0,0
BRDA:30,6,1,5
BRDA:30,7,0,5
BRDA:30,7,1,5
BRDA:30,7,2,5
BRDA:32,8,0,2
BRDA:32,8,1,0
BRDA:39,9,0,0
BRDA:39,9,1,51
BRDA:39,10,0,51
BRDA:39,10,1,51
BRDA:41,11,0,0
BRDA:41,11,1,51
BRDA:42,12,0,1
BRDA:42,12,1,50
BRDA:43,13,0,0
BRDA:43,13,1,50
BRDA:45,14,0,2
BRDA:45,14,1,48
BRDA:46,15,0,0
BRDA:46,15,1,48
BRDA:47,16,0,0
BRDA:47,16,1,48
BRDA:50,17,0,0
BRDA:50,17,1,40
BRDA:51,18,0,8
BRDA:51,18,1,32
BRDA:51,19,0,40
BRDA:51,19,1,26
BRDA:58,20,0,0
BRDA:58,20,1,2
BRDA:67,21,0,1
BRDA:67,21,1,1
BRDA:67,22,0,2
BRDA:67,22,1,2
BRDA:76,23,0,1
BRDA:76,23,1,1
BRF:49
BRH:38
end_of_record
TN:
SF:src/column-projection.ts
FN:22,fieldNamesFromSelectionSet
FN:35,resolveFragmentDefinition
FN:42,collectFieldNames
FN:71,findNestedSelection
FN:95,collectEntityFieldSelection
FN:126,buildColumnProjection
FN:160,buildProjectedSelectShape
FN:178,resolveColumnProjectionFromInfo
FNF:8
FNH:7
FNDA:4,fieldNamesFromSelectionSet
FNDA:2,resolveFragmentDefinition
FNDA:10,collectFieldNames
FNDA:4,findNestedSelection
FNDA:4,collectEntityFieldSelection
FNDA:4,buildColumnProjection
FNDA:4,buildProjectedSelectShape
FNDA:0,resolveColumnProjectionFromInfo
DA:20,5
DA:27,4
DA:28,4
DA:29,4
DA:30,6
DA:32,4
DA:39,2
DA:48,10
DA:49,8
DA:50,8
DA:51,8
DA:53,2
DA:54,0
DA:55,0
DA:56,0
DA:58,0
DA:60,2
DA:61,2
DA:62,2
DA:63,2
DA:64,2
DA:65,2
DA:66,4
DA:75,4
DA:76,4
DA:77,6
DA:78,4
DA:79,4
DA:80,0
DA:81,0
DA:82,0
DA:83,0
DA:86,0
DA:88,0
DA:91,4
DA:99,4
DA:100,4
DA:102,4
DA:104,4
DA:105,4
DA:106,0
DA:109,4
DA:110,4
DA:112,4
DA:113,4
DA:114,8
DA:115,8
DA:119,4
DA:120,0
DA:123,4
DA:133,4
DA:135,4
DA:136,4
DA:137,2
DA:138,2
DA:141,4
DA:142,12
DA:143,2
DA:147,4
DA:148,2
DA:149,2
DA:153,4
DA:154,2
DA:157,4
DA:164,4
DA:165,0
DA:166,0
DA:167,0
DA:168,0
DA:169,0
DA:171,0
DA:172,0
DA:173,0
DA:175,0
DA:186,0
DA:187,0
LF:76
LH:53
BRDA:27,0,0,0
BRDA:27,0,1,4
BRDA:32,1,0,4
BRDA:32,1,1,0
BRDA:48,2,0,8
BRDA:48,2,1,2
BRDA:49,3,0,0
BRDA:49,3,1,8
BRDA:53,4,0,0
BRDA:53,4,1,2
BRDA:54,5,0,0
BRDA:54,5,1,0
BRDA:54,5,2,0
BRDA:60,6,0,2
BRDA:60,6,1,0
BRDA:62,7,0,0
BRDA:62,7,1,2
BRDA:64,8,0,0
BRDA:64,8,1,2
BRDA:64,9,0,2
BRDA:64,9,1,2
BRDA:75,10,0,0
BRDA:75,10,1,4
BRDA:77,11,0,2
BRDA:77,11,1,4
BRDA:79,12,0,0
BRDA:79,12,1,4
BRDA:79,13,0,4
BRDA:79,13,1,0
BRDA:80,14,0,0
BRDA:80,14,1,0
BRDA:82,15,0,0
BRDA:82,15,1,0
BRDA:82,16,0,0
BRDA:82,16,1,0
BRDA:82,16,2,0
BRDA:100,17,0,0
BRDA:100,17,1,4
BRDA:105,18,0,0
BRDA:105,18,1,4
BRDA:110,19,0,0
BRDA:110,19,1,4
BRDA:114,20,0,8
BRDA:114,20,1,0
BRDA:119,21,0,0
BRDA:119,21,1,4
BRDA:119,22,0,4
BRDA:119,22,1,0
BRDA:123,23,0,4
BRDA:123,23,1,0
BRDA:133,24,0,0
BRDA:133,24,1,4
BRDA:136,25,0,2
BRDA:136,25,1,2
BRDA:142,26,0,2
BRDA:142,26,1,10
BRDA:148,27,0,2
BRDA:148,27,1,0
BRDA:148,28,0,2
BRDA:148,28,1,2
BRDA:153,29,0,4
BRDA:153,29,1,2
BRDA:164,30,0,4
BRDA:164,30,1,0
BRDA:169,31,0,0
BRDA:169,31,1,0
BRDA:171,32,0,0
BRDA:171,32,1,0
BRDA:173,33,0,0
BRDA:173,33,1,0
BRF:70
BRH:34
end_of_record
TN:
SF:src/constraints.ts
FN:13,fieldPath
FN:17,assertStringLength
FN:31,assertNumericBounds
FN:57,validateColumnConstraints
FNF:4
FNH:4
FNDA:4,fieldPath
FNDA:4,assertStringLength
FNDA:2,assertNumericBounds
FNDA:4,validateColumnConstraints
DA:14,4
DA:22,4
DA:23,2
DA:24,2
DA:36,2
DA:38,2
DA:39,2
DA:40,0
DA:41,0
DA:43,0
DA:45,2
DA:46,2
DA:48,0
DA:49,0
DA:62,4
DA:63,4
DA:64,4
DA:65,0
DA:66,0
DA:68,4
DA:69,4
DA:70,4
DA:71,4
LF:23
LH:16
BRDA:22,0,0,2
BRDA:22,0,1,2
BRDA:23,1,0,2
BRDA:23,1,1,0
BRDA:23,2,0,2
BRDA:23,2,1,2
BRDA:36,3,0,0
BRDA:36,3,1,2
BRDA:38,4,0,2
BRDA:38,4,1,0
BRDA:40,5,0,0
BRDA:40,5,1,0
BRDA:40,6,0,0
BRDA:40,6,1,0
BRDA:45,7,0,2
BRDA:45,7,1,0
BRDA:45,8,0,2
BRDA:45,8,1,2
BRDA:48,9,0,0
BRDA:48,9,1,0
BRDA:48,10,0,0
BRDA:48,10,1,0
BRDA:64,11,0,0
BRDA:64,11,1,4
BRDA:65,12,0,0
BRDA:65,12,1,0
BRDA:68,13,0,0
BRDA:68,13,1,4
BRF:28
BRH:12
end_of_record
TN:
SF:src/cursor-signing.ts
FN:6,resolveCursorSigningSecret
FN:15,resetCursorSigningSecretCache
FN:19,signPayloadBase64
FN:23,encodeSignedCursorPayload
FN:30,decodeSignedCursorPayload
FNF:5
FNH:5
FNDA:16,resolveCursorSigningSecret
FNDA:22,resetCursorSigningSecretCache
FNDA:8,signPayloadBase64
FNDA:8,encodeSignedCursorPayload
FNDA:8,decodeSignedCursorPayload
DA:7,16
DA:8,9
DA:9,9
DA:11,16
DA:16,22
DA:20,8
DA:24,8
DA:25,8
DA:26,4
DA:27,4
DA:31,8
DA:32,8
DA:34,6
DA:35,6
DA:36,2
DA:38,4
DA:39,4
DA:40,4
DA:41,0
DA:44,4
DA:45,4
DA:46,4
DA:47,4
DA:48,2
DA:50,2
LF:25
LH:24
BRDA:7,0,0,9
BRDA:7,0,1,7
BRDA:9,1,0,6
BRDA:9,1,1,3
BRDA:9,2,0,9
BRDA:9,2,1,6
BRDA:25,3,0,4
BRDA:25,3,1,4
BRDA:32,4,0,2
BRDA:32,4,1,6
BRDA:35,5,0,2
BRDA:35,5,1,4
BRDA:40,6,0,0
BRDA:40,6,1,4
BRDA:40,7,0,4
BRDA:40,7,1,4
BRDA:47,8,0,2
BRDA:47,8,1,2
BRDA:47,9,0,4
BRDA:47,9,1,4
BRF:20
BRH:19
end_of_record
TN:
SF:src/dataloader.ts
FN:10,constructor
FN:15,load
FN:19,(anonymous_2)
FN:24,(anonymous_3)
FN:33,dispatch
FN:60,clear
FNF:6
FNH:6
FNDA:5,constructor
FNDA:10,load
FNDA:9,(anonymous_2)
FNDA:8,(anonymous_3)
FNDA:8,dispatch
FNDA:2,clear
DA:3,5
DA:4,5
DA:8,5
DA:11,5
DA:12,5
DA:16,10
DA:17,10
DA:19,9
DA:20,9
DA:21,9
DA:22,9
DA:23,8
DA:24,8
DA:25,8
DA:29,9
DA:30,9
DA:34,8
DA:35,8
DA:36,8
DA:37,8
DA:38,8
DA:40,8
DA:42,8
DA:43,8
DA:44,7
DA:45,8
DA:46,8
DA:47,8
DA:48,1
DA:49,1
DA:51,7
DA:54,1
DA:55,1
DA:61,2
DA:62,1
DA:63,1
DA:65,1
LF:37
LH:37
BRDA:12,0,0,5
BRDA:17,1,0,1
BRDA:17,1,1,9
BRDA:22,2,0,8
BRDA:22,2,1,1
BRDA:40,3,0,0
BRDA:40,3,1,8
BRDA:46,4,0,0
BRDA:46,4,1,8
BRDA:47,5,0,1
BRDA:47,5,1,7
BRDA:61,6,0,1
BRDA:61,6,1,1
BRF:13
BRH:11
end_of_record
TN:
SF:src/driver-errors.ts
FN:18,asRecord
FN:23,readString
FN:29,extractDriverErrorDetails
FN:58,mapPostgresCode
FN:78,mapCockroachCode
FN:82,mapMysqlCode
FN:101,mapSqliteCode
FN:115,mapByDialect
FN:131,mapByMessageHeuristic
FN:146,mapDriverError
FNF:10
FNH:9
FNDA:15,asRecord
FNDA:53,readString
FNDA:13,extractDriverErrorDetails
FNDA:6,mapPostgresCode
FNDA:0,mapCockroachCode
FNDA:2,mapMysqlCode
FNDA:1,mapSqliteCode
FNDA:11,mapByDialect
FNDA:2,mapByMessageHeuristic
FNDA:11,mapDriverError
DA:13,9
DA:14,9
DA:15,9
DA:16,9
DA:19,15
DA:20,15
DA:24,53
DA:25,53
DA:31,13
DA:32,13
DA:37,13
DA:38,15
DA:39,15
DA:40,15
DA:41,15
DA:42,15
DA:43,15
DA:44,4
DA:45,4
DA:48,15
DA:49,2
DA:51,13
DA:55,13
DA:59,6
DA:61,2
DA:63,2
DA:67,2
DA:69,0
DA:71,0
DA:72,0
DA:74,0
DA:79,0
DA:83,2
DA:86,1
DA:91,1
DA:95,0
DA:97,0
DA:102,1
DA:103,1
DA:104,0
DA:106,1
DA:107,0
DA:109,1
DA:110,1
DA:112,0
DA:116,11
DA:117,9
DA:119,6
DA:121,0
DA:123,2
DA:125,1
DA:127,0
DA:132,2
DA:133,2
DA:134,2
DA:136,0
DA:137,0
DA:139,0
DA:140,0
DA:142,0
DA:150,11
DA:151,11
DA:152,11
DA:153,2
LF:64
LH:47
BRDA:19,0,0,0
BRDA:19,0,1,15
BRDA:19,1,0,15
BRDA:19,1,1,15
BRDA:25,2,0,11
BRDA:25,2,1,42
BRDA:25,3,0,53
BRDA:25,3,1,11
BRDA:31,4,0,6
BRDA:31,4,1,7
BRDA:31,5,0,0
BRDA:31,5,1,7
BRDA:37,6,0,13
BRDA:37,6,1,15
BRDA:39,7,0,15
BRDA:39,7,1,0
BRDA:40,8,0,15
BRDA:40,8,1,4
BRDA:40,8,2,4
BRDA:41,9,0,15
BRDA:41,9,1,15
BRDA:42,10,0,15
BRDA:42,10,1,15
BRDA:43,11,0,4
BRDA:43,11,1,11
BRDA:45,12,0,0
BRDA:45,12,1,4
BRDA:48,13,0,2
BRDA:48,13,1,13
BRDA:48,14,0,15
BRDA:48,14,1,6
BRDA:48,14,2,2
BRDA:59,15,0,2
BRDA:59,15,1,2
BRDA:59,15,2,2
BRDA:59,15,3,2
BRDA:59,15,4,2
BRDA:59,15,5,0
BRDA:59,15,6,0
BRDA:71,16,0,0
BRDA:71,16,1,0
BRDA:83,17,0,1
BRDA:83,17,1,1
BRDA:83,17,2,1
BRDA:83,17,3,1
BRDA:83,17,4,1
BRDA:83,17,5,1
BRDA:83,17,6,0
BRDA:83,17,7,0
BRDA:83,17,8,0
BRDA:83,17,9,0
BRDA:103,18,0,0
BRDA:103,18,1,1
BRDA:103,19,0,1
BRDA:103,19,1,1
BRDA:106,20,0,0
BRDA:106,20,1,1
BRDA:106,21,0,1
BRDA:106,21,1,1
BRDA:109,22,0,1
BRDA:109,22,1,0
BRDA:109,23,0,1
BRDA:109,23,1,0
BRDA:116,24,0,2
BRDA:116,24,1,9
BRDA:117,25,0,6
BRDA:117,25,1,0
BRDA:117,25,2,2
BRDA:117,25,3,1
BRDA:117,25,4,0
BRDA:133,26,0,2
BRDA:133,26,1,0
BRDA:133,27,0,2
BRDA:133,27,1,2
BRDA:136,28,0,0
BRDA:136,28,1,0
BRDA:136,29,0,0
BRDA:136,29,1,0
BRDA:136,29,2,0
BRDA:139,30,0,0
BRDA:139,30,1,0
BRDA:139,31,0,0
BRDA:139,31,1,0
BRDA:148,32,0,11
BRDA:152,33,0,9
BRDA:152,33,1,2
BRF:86
BRH:58
end_of_record
TN:
SF:src/errors.ts
FN:3,createUserError
FN:16,successPayload
FN:22,errorPayload
FN:32,assertValidUuid
FN:41,constructor
FN:49,constructor_2
FNF:6
FNH:6
FNDA:12,createUserError
FNDA:1,successPayload
FNDA:1,errorPayload
FNDA:2,assertValidUuid
FNDA:18,constructor
FNDA:1,constructor_2
DA:8,12
DA:19,1
DA:26,1
DA:30,9
DA:33,2
DA:34,1
DA:42,18
DA:43,18
DA:44,18
DA:50,1
DA:51,1
LF:11
LH:11
BRDA:11,0,0,12
BRDA:11,0,1,11
BRDA:12,1,0,12
BRDA:12,1,1,12
BRDA:32,2,0,2
BRDA:33,3,0,1
BRDA:33,3,1,1
BRDA:41,4,0,18
BRDA:49,5,0,1
BRF:9
BRH:9
end_of_record
TN:
SF:src/filter-ast.ts
FN:19,isLogicalFilterNode
FN:20,(anonymous_1)
FN:23,isAssociationFilterNode
FN:24,(anonymous_3)
FN:27,extractLogicalFilter
FN:39,extractAssociationFilter
FN:52,scalarFilterKeys
FN:53,(anonymous_7)
FNF:8
FNH:4
FNDA:0,isLogicalFilterNode
FNDA:0,(anonymous_1)
FNDA:0,isAssociationFilterNode
FNDA:0,(anonymous_3)
FNDA:52,extractLogicalFilter
FNDA:197,extractAssociationFilter
FNDA:375,scalarFilterKeys
FNDA:333,(anonymous_7)
DA:16,8
DA:17,8
DA:20,0
DA:24,0
DA:28,52
DA:29,52
DA:30,52
DA:31,52
DA:32,2
DA:40,197
DA:41,197
DA:42,197
DA:43,197
DA:44,60
DA:53,375
DA:55,333
LF:16
LH:14
BRDA:31,0,0,50
BRDA:31,0,1,2
BRDA:31,1,0,52
BRDA:31,1,1,51
BRDA:31,1,2,50
BRDA:33,2,0,1
BRDA:33,2,1,1
BRDA:34,3,0,1
BRDA:34,3,1,1
BRDA:35,4,0,0
BRDA:35,4,1,2
BRDA:35,5,0,52
BRDA:35,5,1,0
BRDA:43,6,0,137
BRDA:43,6,1,60
BRDA:43,7,0,197
BRDA:43,7,1,153
BRDA:43,7,2,137
BRDA:45,8,0,44
BRDA:45,8,1,16
BRDA:45,9,0,60
BRDA:45,9,1,44
BRDA:46,10,0,16
BRDA:46,10,1,44
BRDA:46,11,0,197
BRDA:46,11,1,16
BRDA:47,12,0,0
BRDA:47,12,1,60
BRDA:47,13,0,197
BRDA:47,13,1,0
BRDA:55,14,0,333
BRDA:55,14,1,332
BRF:32
BRH:28
end_of_record
TN:
SF:src/filters.ts
FN:156,assertExclusiveIsNull
FN:158,(anonymous_1)
FN:164,ciEq
FN:168,ciNeq
FN:172,ciIn
FN:175,(anonymous_5)
FN:179,ciNotIn
FN:182,(anonymous_7)
FN:186,buildStringFilter
FN:215,buildBooleanFilter
FN:223,buildDateTimeFilter
FN:238,(anonymous_11)
FN:239,(anonymous_12)
FN:244,buildIdFilter
FN:255,buildEnumFilter
FN:269,buildComparableNumberFilter
FN:295,buildIntFilter
FN:309,buildFloatFilter
FN:326,buildStringComparableFilter
FN:368,buildBigIntFilter
FN:375,buildDecimalFilter
FN:382,buildDateFilter
FN:386,buildTimeTzFilter
FN:393,buildIntervalMsFilter
FN:400,isScalarPredicateNode
FN:403,(anonymous_25)
FN:409,measureAssociationDepth
FN:421,measureFilterDepth
FN:424,(anonymous_28)
FN:430,(anonymous_29)
FN:452,countRelationNodes
FN:465,countFilterNodes
FN:488,parsePositiveInt
FN:495,resolveFilterBudget
FN:511,validateFilterBudget
FN:532,combineLogical
FN:539,(anonymous_36)
FN:543,(anonymous_37)
FNF:38
FNH:16
FNDA:18,assertExclusiveIsNull
FNDA:0,(anonymous_1)
FNDA:0,ciEq
FNDA:0,ciNeq
FNDA:0,ciIn
FNDA:0,(anonymous_5)
FNDA:0,ciNotIn
FNDA:0,(anonymous_7)
FNDA:10,buildStringFilter
FNDA:0,buildBooleanFilter
FNDA:0,buildDateTimeFilter
FNDA:0,(anonymous_11)
FNDA:0,(anonymous_12)
FNDA:0,buildIdFilter
FNDA:0,buildEnumFilter
FNDA:6,buildComparableNumberFilter
FNDA:6,buildIntFilter
FNDA:0,buildFloatFilter
FNDA:2,buildStringComparableFilter
FNDA:0,buildBigIntFilter
FNDA:0,buildDecimalFilter
FNDA:2,buildDateFilter
FNDA:0,buildTimeTzFilter
FNDA:0,buildIntervalMsFilter
FNDA:129,isScalarPredicateNode
FNDA:98,(anonymous_25)
FNDA:17,measureAssociationDepth
FNDA:81,measureFilterDepth
FNDA:0,(anonymous_28)
FNDA:0,(anonymous_29)
FNDA:73,countRelationNodes
FNDA:81,countFilterNodes
FNDA:4,parsePositiveInt
FNDA:2,resolveFilterBudget
FNDA:44,validateFilterBudget
FNDA:34,combineLogical
FNDA:0,(anonymous_36)
FNDA:0,(anonymous_37)
DA:157,18
DA:158,0
DA:159,0
DA:160,0
DA:165,0
DA:169,0
DA:173,0
DA:175,0
DA:180,0
DA:182,0
DA:187,10
DA:188,10
DA:189,10
DA:190,10
DA:192,10
DA:193,10
DA:195,10
DA:196,7
DA:198,10
DA:199,0
DA:201,10
DA:202,1
DA:204,10
DA:205,0
DA:207,10
DA:208,0
DA:211,10
DA:212,8
DA:219,0
DA:220,0
DA:227,0
DA:228,0
DA:229,0
DA:230,0
DA:231,0
DA:232,0
DA:233,0
DA:234,0
DA:235,0
DA:236,0
DA:237,0
DA:238,0
DA:239,0
DA:240,0
DA:241,0
DA:245,0
DA:246,0
DA:247,0
DA:248,0
DA:249,0
DA:250,0
DA:251,0
DA:252,0
DA:259,0
DA:260,0
DA:261,0
DA:262,0
DA:263,0
DA:264,0
DA:265,0
DA:266,0
DA:278,6
DA:279,6
DA:280,6
DA:281,6
DA:282,6
DA:283,6
DA:284,6
DA:285,6
DA:286,6
DA:287,6
DA:288,6
DA:289,6
DA:290,6
DA:291,6
DA:292,6
DA:296,6
DA:313,0
DA:338,2
DA:339,2
DA:340,2
DA:351,2
DA:352,2
DA:353,2
DA:355,2
DA:356,2
DA:357,2
DA:358,2
DA:359,2
DA:360,2
DA:361,2
DA:362,2
DA:363,2
DA:364,2
DA:365,2
DA:372,0
DA:379,0
DA:383,2
DA:390,0
DA:397,0
DA:401,129
DA:402,129
DA:403,98
DA:404,98
DA:405,98
DA:410,17
DA:411,17
DA:412,17
DA:413,17
DA:414,51
DA:415,17
DA:418,17
DA:422,81
DA:423,81
DA:424,0
DA:425,0
DA:427,0
DA:429,81
DA:430,0
DA:431,0
DA:433,0
DA:435,81
DA:436,0
DA:438,81
DA:439,73
DA:440,73
DA:441,73
DA:442,73
DA:443,41
DA:444,17
DA:446,24
DA:449,81
DA:453,73
DA:454,73
DA:455,17
DA:456,17
DA:457,51
DA:459,17
DA:461,56
DA:462,24
DA:466,81
DA:467,81
DA:468,73
DA:469,73
DA:470,73
DA:472,81
DA:473,0
DA:474,0
DA:477,81
DA:478,0
DA:479,0
DA:482,81
DA:483,0
DA:485,81
DA:489,4
DA:490,4
DA:491,4
DA:496,2
DA:497,2
DA:498,2
DA:515,44
DA:516,40
DA:517,40
DA:518,40
DA:519,3
DA:524,37
DA:525,2
DA:536,34
DA:537,30
DA:538,30
DA:539,0
DA:540,0
DA:542,30
DA:543,0
DA:544,0
DA:546,30
DA:547,0
DA:548,0
DA:550,30
DA:551,30
DA:552,30
DA:553,27
LF:182
LH:114
BRDA:157,0,0,18
BRDA:157,0,1,0
BRDA:158,1,0,0
BRDA:158,1,1,0
BRDA:159,2,0,0
BRDA:159,2,1,0
BRDA:187,3,0,0
BRDA:187,3,1,10
BRDA:189,4,0,0
BRDA:189,4,1,10
BRDA:190,5,0,0
BRDA:190,5,1,10
BRDA:195,6,0,7
BRDA:195,6,1,3
BRDA:196,7,0,0
BRDA:196,7,1,7
BRDA:198,8,0,0
BRDA:198,8,1,10
BRDA:199,9,0,0
BRDA:199,9,1,0
BRDA:201,10,0,1
BRDA:201,10,1,9
BRDA:202,11,0,0
BRDA:202,11,1,1
BRDA:204,12,0,0
BRDA:204,12,1,10
BRDA:205,13,0,0
BRDA:205,13,1,0
BRDA:207,14,0,0
BRDA:207,14,1,10
BRDA:208,15,0,0
BRDA:208,15,1,0
BRDA:211,16,0,2
BRDA:211,16,1,8
BRDA:212,17,0,8
BRDA:212,17,1,0
BRDA:219,18,0,0
BRDA:219,18,1,0
BRDA:219,19,0,0
BRDA:219,19,1,0
BRDA:227,20,0,0
BRDA:227,20,1,0
BRDA:229,21,0,0
BRDA:229,21,1,0
BRDA:230,22,0,0
BRDA:230,22,1,0
BRDA:232,23,0,0
BRDA:232,23,1,0
BRDA:233,24,0,0
BRDA:233,24,1,0
BRDA:234,25,0,0
BRDA:234,25,1,0
BRDA:235,26,0,0
BRDA:235,26,1,0
BRDA:236,27,0,0
BRDA:236,27,1,0
BRDA:237,28,0,0
BRDA:237,28,1,0
BRDA:238,29,0,0
BRDA:238,29,1,0
BRDA:239,30,0,0
BRDA:239,30,1,0
BRDA:240,31,0,0
BRDA:240,31,1,0
BRDA:241,32,0,0
BRDA:241,32,1,0
BRDA:245,33,0,0
BRDA:245,33,1,0
BRDA:247,34,0,0
BRDA:247,34,1,0
BRDA:248,35,0,0
BRDA:248,35,1,0
BRDA:249,36,0,0
BRDA:249,36,1,0
BRDA:250,37,0,0
BRDA:250,37,1,0
BRDA:251,38,0,0
BRDA:251,38,1,0
BRDA:252,39,0,0
BRDA:252,39,1,0
BRDA:259,40,0,0
BRDA:259,40,1,0
BRDA:261,41,0,0
BRDA:261,41,1,0
BRDA:262,42,0,0
BRDA:262,42,1,0
BRDA:263,43,0,0
BRDA:263,43,1,0
BRDA:264,44,0,0
BRDA:264,44,1,0
BRDA:265,45,0,0
BRDA:265,45,1,0
BRDA:266,46,0,0
BRDA:266,46,1,0
BRDA:278,47,0,0
BRDA:278,47,1,6
BRDA:280,48,0,0
BRDA:280,48,1,6
BRDA:281,49,0,0
BRDA:281,49,1,6
BRDA:283,50,0,2
BRDA:283,50,1,4
BRDA:284,51,0,0
BRDA:284,51,1,6
BRDA:285,52,0,4
BRDA:285,52,1,2
BRDA:286,53,0,0
BRDA:286,53,1,6
BRDA:287,54,0,0
BRDA:287,54,1,6
BRDA:288,55,0,0
BRDA:288,55,1,6
BRDA:289,56,0,0
BRDA:289,56,1,6
BRDA:290,57,0,0
BRDA:290,57,1,6
BRDA:291,58,0,0
BRDA:291,58,1,6
BRDA:292,59,0,6
BRDA:292,59,1,0
BRDA:338,60,0,0
BRDA:338,60,1,2
BRDA:339,61,0,2
BRDA:339,61,1,0
BRDA:352,62,0,0
BRDA:352,62,1,2
BRDA:353,63,0,0
BRDA:353,63,1,2
BRDA:356,64,0,0
BRDA:356,64,1,2
BRDA:357,65,0,0
BRDA:357,65,1,2
BRDA:358,66,0,0
BRDA:358,66,1,2
BRDA:359,67,0,2
BRDA:359,67,1,0
BRDA:360,68,0,0
BRDA:360,68,1,2
BRDA:361,69,0,0
BRDA:361,69,1,2
BRDA:362,70,0,0
BRDA:362,70,1,2
BRDA:363,71,0,0
BRDA:363,71,1,2
BRDA:364,72,0,0
BRDA:364,72,1,2
BRDA:365,73,0,2
BRDA:365,73,1,0
BRDA:402,74,0,31
BRDA:402,74,1,98
BRDA:405,75,0,98
BRDA:405,75,1,98
BRDA:411,76,0,0
BRDA:411,76,1,17
BRDA:414,77,0,17
BRDA:414,77,1,34
BRDA:423,78,0,0
BRDA:423,78,1,81
BRDA:429,79,0,0
BRDA:429,79,1,81
BRDA:435,80,0,0
BRDA:435,80,1,81
BRDA:435,81,0,81
BRDA:435,81,1,0
BRDA:440,82,0,0
BRDA:440,82,1,73
BRDA:440,83,0,73
BRDA:440,83,1,73
BRDA:442,84,0,32
BRDA:442,84,1,41
BRDA:443,85,0,17
BRDA:443,85,1,24
BRDA:454,86,0,17
BRDA:454,86,1,56
BRDA:457,87,0,17
BRDA:457,87,1,34
BRDA:461,88,0,32
BRDA:461,88,1,24
BRDA:469,89,0,0
BRDA:469,89,1,73
BRDA:469,90,0,73
BRDA:469,90,1,73
BRDA:472,91,0,0
BRDA:472,91,1,81
BRDA:477,92,0,0
BRDA:477,92,1,81
BRDA:482,93,0,0
BRDA:482,93,1,81
BRDA:482,94,0,81
BRDA:482,94,1,0
BRDA:490,95,0,0
BRDA:490,95,1,4
BRDA:490,96,0,4
BRDA:490,96,1,2
BRDA:500,97,0,2
BRDA:500,97,1,0
BRDA:500,98,0,2
BRDA:500,98,1,2
BRDA:504,99,0,2
BRDA:504,99,1,0
BRDA:504,100,0,2
BRDA:504,100,1,2
BRDA:515,101,0,4
BRDA:515,101,1,40
BRDA:515,102,0,44
BRDA:515,102,1,40
BRDA:518,103,0,3
BRDA:518,103,1,37
BRDA:524,104,0,2
BRDA:524,104,1,35
BRDA:536,105,0,4
BRDA:536,105,1,30
BRDA:538,106,0,0
BRDA:538,106,1,30
BRDA:540,107,0,0
BRDA:540,107,1,0
BRDA:542,108,0,0
BRDA:542,108,1,30
BRDA:544,109,0,0
BRDA:544,109,1,0
BRDA:546,110,0,0
BRDA:546,110,1,30
BRDA:548,111,0,0
BRDA:548,111,1,0
BRDA:551,112,0,27
BRDA:551,112,1,3
BRDA:552,113,0,3
BRDA:552,113,1,27
BRDA:553,114,0,27
BRDA:553,114,1,0
BRF:230
BRH:103
end_of_record
TN:
SF:src/index.ts
FNF:0
FNH:0
LF:0
LH:0
BRF:0
BRH:0
end_of_record
TN:
SF:src/naming.ts
FN:2,toGraphqlTypeName
FN:12,toGraphqlFieldBasename
FN:18,toGraphqlListField
FN:23,toGraphqlFieldName
FN:26,(anonymous_4)
FN:30,(anonymous_5)
FNF:6
FNH:4
FNDA:3,toGraphqlTypeName
FNDA:1,toGraphqlFieldBasename
FNDA:1,toGraphqlListField
FNDA:3,toGraphqlFieldName
FNDA:0,(anonymous_4)
FNDA:0,(anonymous_5)
DA:3,3
DA:8,3
DA:13,1
DA:14,1
DA:19,1
DA:24,3
DA:25,1
DA:26,1
DA:28,2
DA:29,1
DA:30,1
DA:32,1
LF:12
LH:12
BRDA:3,0,0,2
BRDA:3,0,1,1
BRDA:5,1,0,1
BRDA:5,1,1,0
BRDA:24,2,0,1
BRDA:24,2,1,2
BRDA:28,3,0,1
BRDA:28,3,1,1
BRF:8
BRH:7
end_of_record
TN:
SF:src/pagination.ts
FN:34,resolveSortWithTieBreaker
FN:41,(anonymous_1)
FN:61,encodeCursor
FN:66,decodeCursor
FN:99,assertCursorSortMatches
FN:116,validateConnectionPagingArgs
FN:131,compareOp
FN:139,buildKeysetSeek
FN:157,columnFromTable
FN:165,buildOrderClauses
FN:169,(anonymous_10)
FN:176,reverseOrderClauses
FN:180,(anonymous_12)
FNF:13
FNH:10
FNDA:4,resolveSortWithTieBreaker
FNDA:1,(anonymous_1)
FNDA:8,encodeCursor
FNDA:8,decodeCursor
FNDA:0,assertCursorSortMatches
FNDA:3,validateConnectionPagingArgs
FNDA:0,compareOp
FNDA:0,buildKeysetSeek
FNDA:3,columnFromTable
FNDA:2,buildOrderClauses
FNDA:2,(anonymous_10)
FNDA:1,reverseOrderClauses
FNDA:1,(anonymous_12)
DA:10,5
DA:40,4
DA:42,1
DA:43,1
DA:44,0
DA:46,1
DA:54,4
DA:55,4
DA:56,1
DA:58,4
DA:62,8
DA:63,8
DA:72,8
DA:73,8
DA:74,8
DA:77,8
DA:78,0
DA:80,4
DA:81,0
DA:83,4
DA:85,4
DA:86,4
DA:87,4
DA:88,2
DA:90,2
DA:91,2
DA:94,0
DA:104,0
DA:105,0
DA:107,0
DA:108,0
DA:109,0
DA:110,0
DA:111,0
DA:117,3
DA:118,0
DA:120,3
DA:121,0
DA:123,3
DA:124,0
DA:126,3
DA:127,0
DA:132,0
DA:133,0
DA:135,0
DA:145,0
DA:146,0
DA:147,0
DA:148,0
DA:149,0
DA:151,0
DA:152,0
DA:154,0
DA:158,3
DA:159,3
DA:160,0
DA:162,3
DA:169,2
DA:170,2
DA:171,2
DA:180,1
DA:181,1
DA:182,1
LF:63
LH:36
BRDA:37,0,0,4
BRDA:40,1,0,1
BRDA:40,1,1,3
BRDA:43,2,0,0
BRDA:43,2,1,1
BRDA:48,3,0,1
BRDA:48,3,1,0
BRDA:52,4,0,3
BRDA:52,4,1,3
BRDA:55,5,0,1
BRDA:55,5,1,3
BRDA:70,6,0,8
BRDA:77,7,0,0
BRDA:77,7,1,8
BRDA:77,8,0,8
BRDA:77,8,1,4
BRDA:80,9,0,0
BRDA:80,9,1,4
BRDA:80,10,0,4
BRDA:80,10,1,4
BRDA:85,11,0,0
BRDA:85,11,1,4
BRDA:86,12,0,4
BRDA:86,12,1,0
BRDA:87,13,0,2
BRDA:87,13,1,2
BRDA:90,14,0,2
BRDA:90,14,1,0
BRDA:104,15,0,0
BRDA:104,15,1,0
BRDA:110,16,0,0
BRDA:110,16,1,0
BRDA:110,17,0,0
BRDA:110,17,1,0
BRDA:117,18,0,0
BRDA:117,18,1,3
BRDA:117,19,0,3
BRDA:117,19,1,2
BRDA:120,20,0,0
BRDA:120,20,1,3
BRDA:120,21,0,3
BRDA:120,21,1,0
BRDA:123,22,0,0
BRDA:123,22,1,3
BRDA:123,23,0,3
BRDA:123,23,1,2
BRDA:126,24,0,0
BRDA:126,24,1,3
BRDA:126,25,0,3
BRDA:126,25,1,1
BRDA:132,26,0,0
BRDA:132,26,1,0
BRDA:133,27,0,0
BRDA:133,27,1,0
BRDA:135,28,0,0
BRDA:135,28,1,0
BRDA:152,29,0,0
BRDA:152,29,1,0
BRDA:159,30,0,0
BRDA:159,30,1,3
BRDA:171,31,0,0
BRDA:171,31,1,2
BRDA:182,32,0,0
BRDA:182,32,1,1
BRF:64
BRH:35
end_of_record
TN:
SF:src/query-engine.ts
FN:50,constructor
FN:59,buildWhere
FN:63,resolveSort
FN:67,clampLimit
FN:74,selectFromTable
FN:79,list
FN:95,(anonymous_6)
FN:98,count
FN:106,listConnection
FN:124,(anonymous_9)
FN:127,(anonymous_10)
FN:154,(anonymous_11)
FN:158,(anonymous_12)
FN:173,(anonymous_13)
FN:176,(anonymous_14)
FN:195,(anonymous_15)
FN:198,(anonymous_16)
FN:208,emptyConnection
FN:221,findByIds
FNF:19
FNH:19
FNDA:9,constructor
FNDA:5,buildWhere
FNDA:4,resolveSort
FNDA:6,clampLimit
FNDA:4,selectFromTable
FNDA:1,list
FNDA:1,(anonymous_6)
FNDA:1,count
FNDA:3,listConnection
FNDA:2,(anonymous_9)
FNDA:2,(anonymous_10)
FNDA:2,(anonymous_11)
FNDA:2,(anonymous_12)
FNDA:1,(anonymous_13)
FNDA:1,(anonymous_14)
FNDA:1,(anonymous_15)
FNDA:1,(anonymous_16)
FNDA:1,emptyConnection
FNDA:1,findByIds
DA:51,9
DA:52,9
DA:53,9
DA:55,9
DA:56,9
DA:60,5
DA:64,4
DA:68,6
DA:69,6
DA:70,5
DA:71,4
DA:75,4
DA:76,4
DA:84,1
DA:85,1
DA:86,1
DA:87,1
DA:89,1
DA:93,1
DA:94,1
DA:95,1
DA:99,1
DA:100,1
DA:101,1
DA:102,1
DA:103,1
DA:113,3
DA:114,3
DA:115,1
DA:118,2
DA:119,2
DA:120,2
DA:121,2
DA:123,2
DA:124,2
DA:125,2
DA:127,2
DA:129,2
DA:130,0
DA:136,0
DA:137,0
DA:140,2
DA:141,0
DA:147,0
DA:148,0
DA:153,2
DA:154,3
DA:158,2
DA:163,3
DA:164,1
DA:165,1
DA:169,1
DA:170,1
DA:171,1
DA:172,1
DA:173,1
DA:174,1
DA:176,1
DA:186,1
DA:187,1
DA:191,1
DA:192,1
DA:193,1
DA:194,1
DA:195,3
DA:196,3
DA:198,1
DA:209,1
DA:226,1
DA:227,1
DA:228,1
DA:229,1
DA:231,1
DA:234,1
DA:235,1
DA:238,1
LF:76
LH:70
BRDA:68,0,0,6
BRDA:68,0,1,0
BRDA:69,1,0,1
BRDA:69,1,1,5
BRDA:70,2,0,1
BRDA:70,2,1,4
BRDA:75,3,0,4
BRDA:75,3,1,4
BRDA:76,4,0,0
BRDA:76,4,1,4
BRDA:93,5,0,0
BRDA:93,5,1,1
BRDA:101,6,0,0
BRDA:101,6,1,1
BRDA:103,7,0,1
BRDA:103,7,1,0
BRDA:114,8,0,1
BRDA:114,8,1,2
BRDA:114,9,0,3
BRDA:114,9,1,2
BRDA:121,10,0,0
BRDA:121,10,1,2
BRDA:129,11,0,0
BRDA:129,11,1,2
BRDA:140,12,0,0
BRDA:140,12,1,2
BRDA:153,13,0,0
BRDA:153,13,1,2
BRDA:160,14,0,2
BRDA:160,14,1,2
BRDA:163,15,0,1
BRDA:163,15,1,2
BRDA:169,16,0,0
BRDA:169,16,1,1
BRDA:172,17,0,1
BRDA:172,17,1,0
BRDA:180,18,0,1
BRDA:180,18,1,0
BRDA:181,19,0,1
BRDA:181,19,1,0
BRDA:191,20,0,0
BRDA:191,20,1,1
BRDA:194,21,0,0
BRDA:194,21,1,1
BRDA:202,22,0,3
BRDA:202,22,1,0
BRDA:203,23,0,3
BRDA:203,23,1,0
BRDA:226,24,0,0
BRDA:226,24,1,1
BRDA:231,25,0,0
BRDA:231,25,1,1
BRDA:231,26,0,1
BRDA:231,26,1,0
BRDA:234,27,0,0
BRDA:234,27,1,1
BRF:56
BRH:35
end_of_record
TN:
SF:src/query-translator.ts
FN:79,relationTargetSoftDelete
FN:80,(anonymous_1)
FN:83,relationChildSoftDelete
FN:84,(anonymous_3)
FN:96,filterBuilderForKind
FN:130,constructor
FN:139,translateFilter
FN:155,(anonymous_7)
FN:163,translateLeaf
FN:199,translateInverseOneToOne
FN:237,translateManyToOne
FN:272,translateAssociation
FN:287,translateOneToMany
FN:309,(anonymous_13)
FN:320,(anonymous_14)
FN:370,translateManyToMany
FN:393,(anonymous_16)
FNF:17
FNH:15
FNDA:18,relationTargetSoftDelete
FNDA:18,(anonymous_1)
FNDA:12,relationChildSoftDelete
FNDA:12,(anonymous_3)
FNDA:14,filterBuilderForKind
FNDA:35,constructor
FNDA:34,translateFilter
FNDA:30,(anonymous_7)
FNDA:30,translateLeaf
FNDA:3,translateInverseOneToOne
FNDA:6,translateManyToOne
FNDA:6,translateAssociation
FNDA:6,translateOneToMany
FNDA:5,(anonymous_13)
FNDA:9,(anonymous_14)
FNDA:0,translateManyToMany
FNDA:0,(anonymous_16)
DA:80,18
DA:84,12
DA:97,14
DA:99,0
DA:101,0
DA:103,0
DA:105,0
DA:108,4
DA:110,0
DA:112,0
DA:114,0
DA:116,0
DA:118,0
DA:120,0
DA:122,10
DA:127,35
DA:128,35
DA:130,35
DA:131,35
DA:132,39
DA:134,35
DA:135,16
DA:145,34
DA:146,34
DA:148,34
DA:149,2
DA:150,2
DA:151,2
DA:155,34
DA:156,34
DA:157,34
DA:159,34
DA:160,27
DA:164,30
DA:166,30
DA:167,29
DA:168,29
DA:169,14
DA:170,14
DA:171,14
DA:174,30
DA:175,29
DA:176,15
DA:177,15
DA:178,15
DA:179,15
DA:180,15
DA:181,15
DA:182,6
DA:183,6
DA:184,9
DA:185,6
DA:186,6
DA:187,3
DA:188,3
DA:191,3
DA:195,30
DA:196,27
DA:203,3
DA:204,3
DA:205,3
DA:206,3
DA:208,3
DA:216,3
DA:217,3
DA:219,3
DA:220,3
DA:221,3
DA:222,1
DA:224,3
DA:225,0
DA:226,0
DA:229,3
DA:238,6
DA:239,6
DA:240,6
DA:242,6
DA:250,6
DA:251,6
DA:253,6
DA:254,6
DA:255,6
DA:256,6
DA:257,5
DA:259,6
DA:260,2
DA:261,2
DA:264,6
DA:276,6
DA:278,6
DA:279,6
DA:281,0
DA:282,0
DA:284,0
DA:291,6
DA:292,6
DA:293,6
DA:304,6
DA:305,6
DA:309,6
DA:310,5
DA:311,5
DA:312,4
DA:314,5
DA:315,2
DA:317,5
DA:320,6
DA:321,9
DA:322,8
DA:325,6
DA:326,5
DA:327,4
DA:328,4
DA:330,5
DA:337,1
DA:338,0
DA:339,0
DA:340,0
DA:342,0
DA:349,1
DA:350,1
DA:351,1
DA:352,1
DA:354,0
DA:355,0
DA:356,0
DA:357,0
DA:358,0
DA:360,0
DA:367,0
DA:374,0
DA:375,0
DA:376,0
DA:377,0
DA:379,0
DA:388,0
DA:389,0
DA:393,0
DA:394,0
DA:397,0
DA:398,0
DA:399,0
DA:400,0
DA:402,0
DA:403,0
DA:405,0
DA:412,0
DA:415,0
DA:416,0
DA:417,0
DA:418,0
DA:419,0
DA:420,0
DA:422,0
DA:423,0
DA:424,0
DA:425,0
DA:426,0
DA:428,0
DA:436,0
LF:160
LH:104
BRDA:80,0,0,18
BRDA:80,0,1,16
BRDA:84,1,0,12
BRDA:84,1,1,10
BRDA:84,1,2,0
BRDA:97,2,0,0
BRDA:97,2,1,0
BRDA:97,2,2,0
BRDA:97,2,3,0
BRDA:97,2,4,0
BRDA:97,2,5,4
BRDA:97,2,6,0
BRDA:97,2,7,0
BRDA:97,2,8,0
BRDA:97,2,9,0
BRDA:97,2,10,0
BRDA:97,2,11,0
BRDA:97,2,12,10
BRDA:143,3,0,34
BRDA:148,4,0,2
BRDA:148,4,1,32
BRDA:148,5,0,34
BRDA:148,5,1,17
BRDA:148,5,2,2
BRDA:150,6,0,2
BRDA:150,6,1,0
BRDA:157,7,0,27
BRDA:157,7,1,7
BRDA:159,8,0,7
BRDA:159,8,1,27
BRDA:160,9,0,25
BRDA:160,9,1,2
BRDA:168,10,0,15
BRDA:168,10,1,14
BRDA:171,11,0,12
BRDA:171,11,1,2
BRDA:175,12,0,14
BRDA:175,12,1,15
BRDA:176,13,0,0
BRDA:176,13,1,15
BRDA:176,14,0,15
BRDA:176,14,1,15
BRDA:176,14,2,15
BRDA:178,15,0,0
BRDA:178,15,1,15
BRDA:178,16,0,15
BRDA:178,16,1,15
BRDA:178,16,2,15
BRDA:178,16,3,15
BRDA:181,17,0,6
BRDA:181,17,1,9
BRDA:183,18,0,6
BRDA:183,18,1,0
BRDA:184,19,0,6
BRDA:184,19,1,3
BRDA:186,20,0,6
BRDA:186,20,1,0
BRDA:187,21,0,3
BRDA:187,21,1,0
BRDA:188,22,0,0
BRDA:188,22,1,3
BRDA:191,23,0,3
BRDA:191,23,1,0
BRDA:195,24,0,3
BRDA:195,24,1,27
BRDA:196,25,0,27
BRDA:196,25,1,0
BRDA:203,26,0,0
BRDA:203,26,1,3
BRDA:206,27,0,0
BRDA:206,27,1,3
BRDA:206,28,0,3
BRDA:206,28,1,3
BRDA:212,29,0,3
BRDA:212,29,1,3
BRDA:217,30,0,0
BRDA:217,30,1,3
BRDA:217,31,0,3
BRDA:217,31,1,2
BRDA:221,32,0,1
BRDA:221,32,1,2
BRDA:224,33,0,0
BRDA:224,33,1,3
BRDA:226,34,0,0
BRDA:226,34,1,0
BRDA:233,35,0,2
BRDA:233,35,1,1
BRDA:238,36,0,0
BRDA:238,36,1,6
BRDA:240,37,0,0
BRDA:240,37,1,6
BRDA:246,38,0,6
BRDA:246,38,1,3
BRDA:251,39,0,0
BRDA:251,39,1,6
BRDA:251,40,0,6
BRDA:251,40,1,1
BRDA:256,41,0,5
BRDA:256,41,1,1
BRDA:259,42,0,2
BRDA:259,42,1,4
BRDA:261,43,0,2
BRDA:261,43,1,0
BRDA:268,44,0,1
BRDA:268,44,1,5
BRDA:276,45,0,0
BRDA:276,45,1,6
BRDA:278,46,0,6
BRDA:278,46,1,0
BRDA:278,47,0,6
BRDA:278,47,1,6
BRDA:278,47,2,6
BRDA:281,48,0,0
BRDA:281,48,1,0
BRDA:281,49,0,0
BRDA:281,49,1,0
BRDA:281,49,2,0
BRDA:281,49,3,0
BRDA:293,50,0,6
BRDA:293,50,1,0
BRDA:298,51,0,6
BRDA:298,51,1,4
BRDA:305,52,0,2
BRDA:305,52,1,4
BRDA:311,53,0,4
BRDA:311,53,1,1
BRDA:314,54,0,2
BRDA:314,54,1,3
BRDA:317,55,0,1
BRDA:317,55,1,4
BRDA:321,56,0,1
BRDA:321,56,1,8
BRDA:325,57,0,5
BRDA:325,57,1,1
BRDA:326,58,0,4
BRDA:326,58,1,1
BRDA:328,59,0,0
BRDA:328,59,1,4
BRDA:337,60,0,0
BRDA:337,60,1,1
BRDA:338,61,0,0
BRDA:338,61,1,0
BRDA:340,62,0,0
BRDA:340,62,1,0
BRDA:349,63,0,1
BRDA:349,63,1,0
BRDA:350,64,0,0
BRDA:350,64,1,1
BRDA:351,65,0,1
BRDA:351,65,1,0
BRDA:355,66,0,0
BRDA:355,66,1,0
BRDA:357,67,0,0
BRDA:357,67,1,0
BRDA:364,68,0,0
BRDA:364,68,1,0
BRDA:383,69,0,0
BRDA:383,69,1,0
BRDA:389,70,0,0
BRDA:389,70,1,0
BRDA:393,71,0,0
BRDA:394,72,0,0
BRDA:394,72,1,0
BRDA:397,73,0,0
BRDA:397,73,1,0
BRDA:397,74,0,0
BRDA:397,74,1,0
BRDA:399,75,0,0
BRDA:399,75,1,0
BRDA:402,76,0,0
BRDA:402,76,1,0
BRDA:410,77,0,0
BRDA:410,77,1,0
BRDA:412,78,0,0
BRDA:412,78,1,0
BRDA:415,79,0,0
BRDA:415,79,1,0
BRDA:416,80,0,0
BRDA:416,80,1,0
BRDA:417,81,0,0
BRDA:417,81,1,0
BRDA:418,82,0,0
BRDA:418,82,1,0
BRDA:419,83,0,0
BRDA:419,83,1,0
BRDA:423,84,0,0
BRDA:423,84,1,0
BRDA:425,85,0,0
BRDA:425,85,1,0
BRDA:433,86,0,0
BRDA:433,86,1,0
BRF:191
BRH:101
end_of_record
TN:
SF:src/scalars.ts
FN:2,serializeDateTime
FN:9,parseDateTime
FN:22,serializeDate
FN:28,parseDate
FN:42,serializeTimeTz
FN:47,parseTimeTz
FN:58,serializeBigInt
FN:65,parseBigInt
FN:78,serializeDecimal
FN:84,parseDecimal
FN:93,serializeIntervalMs
FN:101,parseIntervalMs
FN:112,resolveActorId
FNF:13
FNH:13
FNDA:1,serializeDateTime
FNDA:1,parseDateTime
FNDA:2,serializeDate
FNDA:1,parseDate
FNDA:1,serializeTimeTz
FNDA:1,parseTimeTz
FNDA:1,serializeBigInt
FNDA:2,parseBigInt
FNDA:1,serializeDecimal
FNDA:1,parseDecimal
FNDA:1,serializeIntervalMs
FNDA:1,parseIntervalMs
FNDA:2,resolveActorId
DA:3,1
DA:4,1
DA:5,1
DA:10,1
DA:11,0
DA:13,1
DA:14,1
DA:15,0
DA:17,1
DA:20,4
DA:23,2
DA:24,2
DA:25,0
DA:29,1
DA:30,0
DA:32,1
DA:33,1
DA:34,0
DA:36,1
DA:40,4
DA:43,1
DA:44,1
DA:48,1
DA:49,0
DA:51,1
DA:54,4
DA:55,4
DA:56,4
DA:59,1
DA:60,1
DA:61,0
DA:62,0
DA:66,2
DA:67,0
DA:69,2
DA:70,2
DA:71,0
DA:73,2
DA:76,4
DA:79,1
DA:80,1
DA:81,1
DA:85,1
DA:86,0
DA:88,1
DA:91,4
DA:94,1
DA:95,1
DA:96,1
DA:97,0
DA:102,1
DA:103,0
DA:105,1
DA:106,0
DA:108,1
DA:113,2
LF:56
LH:42
BRDA:3,0,0,0
BRDA:3,0,1,1
BRDA:4,1,0,1
BRDA:4,1,1,0
BRDA:10,2,0,0
BRDA:10,2,1,1
BRDA:14,3,0,0
BRDA:14,3,1,1
BRDA:23,4,0,0
BRDA:23,4,1,2
BRDA:24,5,0,2
BRDA:24,5,1,0
BRDA:29,6,0,0
BRDA:29,6,1,1
BRDA:29,7,0,1
BRDA:29,7,1,1
BRDA:33,8,0,0
BRDA:33,8,1,1
BRDA:43,9,0,0
BRDA:43,9,1,1
BRDA:48,10,0,0
BRDA:48,10,1,1
BRDA:48,11,0,1
BRDA:48,11,1,1
BRDA:59,12,0,0
BRDA:59,12,1,1
BRDA:60,13,0,1
BRDA:60,13,1,0
BRDA:61,14,0,0
BRDA:61,14,1,0
BRDA:66,15,0,0
BRDA:66,15,1,2
BRDA:66,16,0,2
BRDA:66,16,1,2
BRDA:70,17,0,0
BRDA:70,17,1,2
BRDA:70,18,0,2
BRDA:70,18,1,2
BRDA:79,19,0,0
BRDA:79,19,1,1
BRDA:80,20,0,0
BRDA:80,20,1,1
BRDA:85,21,0,0
BRDA:85,21,1,1
BRDA:85,22,0,1
BRDA:85,22,1,1
BRDA:94,23,0,0
BRDA:94,23,1,1
BRDA:95,24,0,0
BRDA:95,24,1,1
BRDA:96,25,0,1
BRDA:96,25,1,0
BRDA:102,26,0,0
BRDA:102,26,1,1
BRDA:102,27,0,1
BRDA:102,27,1,0
BRDA:105,28,0,0
BRDA:105,28,1,1
BRDA:105,29,0,1
BRDA:105,29,1,1
BRDA:113,30,0,2
BRDA:113,30,1,1
BRF:62
BRH:37
end_of_record
TN:
SF:src/types.ts
FNF:0
FNH:0
DA:45,5
DA:46,5
DA:47,5
LF:3
LH:3
BRF:0
BRH:0
end_of_record
